9510
9510
9510
9510
2017-08-22 01:43:34 ERROR Configuration:2525 - Failed to set setXIncludeAware(true) for parser org.apache.xerces.jaxp.DocumentBuilderFactoryImpl@61064425:java.lang.UnsupportedOperationException:  setXIncludeAware is not supported on this JAXP implementation or earlier: class org.apache.xerces.jaxp.DocumentBuilderFactoryImpl
java.lang.UnsupportedOperationException:  setXIncludeAware is not supported on this JAXP implementation or earlier: class org.apache.xerces.jaxp.DocumentBuilderFactoryImpl
	at javax.xml.parsers.DocumentBuilderFactory.setXIncludeAware(DocumentBuilderFactory.java:584)
	at org.apache.hadoop.conf.Configuration.loadResource(Configuration.java:2523)
	at org.apache.hadoop.conf.Configuration.loadResources(Configuration.java:2492)
	at org.apache.hadoop.conf.Configuration.getProps(Configuration.java:2405)
	at org.apache.hadoop.conf.Configuration.get(Configuration.java:981)
	at cn.edu.neu.cloudlab.haolap.configuration.CubeConfiguration.<clinit>(CubeConfiguration.java:40)
	at cn.edu.neu.cloudlab.haolap.RPC.SchemaServer.start(SchemaServer.java:173)
	at cn.edu.neu.cloudlab.haolap.service.SchemaServerService.start(SchemaServerService.java:23)
	at cn.edu.neu.cloudlab.haolap.application.SchemaServer.main(SchemaServer.java:13)
2017-08-22 01:43:34 ERROR Configuration:2525 - Failed to set setXIncludeAware(true) for parser org.apache.xerces.jaxp.DocumentBuilderFactoryImpl@5c7fa833:java.lang.UnsupportedOperationException:  setXIncludeAware is not supported on this JAXP implementation or earlier: class org.apache.xerces.jaxp.DocumentBuilderFactoryImpl
java.lang.UnsupportedOperationException:  setXIncludeAware is not supported on this JAXP implementation or earlier: class org.apache.xerces.jaxp.DocumentBuilderFactoryImpl
	at javax.xml.parsers.DocumentBuilderFactory.setXIncludeAware(DocumentBuilderFactory.java:584)
	at org.apache.hadoop.conf.Configuration.loadResource(Configuration.java:2523)
	at org.apache.hadoop.conf.Configuration.loadResources(Configuration.java:2492)
	at org.apache.hadoop.conf.Configuration.getProps(Configuration.java:2405)
	at org.apache.hadoop.conf.Configuration.get(Configuration.java:981)
	at cn.edu.neu.cloudlab.haolap.configuration.CubeConfiguration.<clinit>(CubeConfiguration.java:40)
	at cn.edu.neu.cloudlab.haolap.RPC.SchemaServer.start(SchemaServer.java:173)
	at cn.edu.neu.cloudlab.haolap.service.SchemaServerService.start(SchemaServerService.java:23)
	at cn.edu.neu.cloudlab.haolap.application.SchemaServer.main(SchemaServer.java:13)
2017-08-22 01:43:34 ERROR Configuration:2525 - Failed to set setXIncludeAware(true) for parser org.apache.xerces.jaxp.DocumentBuilderFactoryImpl@55f3ddb1:java.lang.UnsupportedOperationException:  setXIncludeAware is not supported on this JAXP implementation or earlier: class org.apache.xerces.jaxp.DocumentBuilderFactoryImpl
java.lang.UnsupportedOperationException:  setXIncludeAware is not supported on this JAXP implementation or earlier: class org.apache.xerces.jaxp.DocumentBuilderFactoryImpl
	at javax.xml.parsers.DocumentBuilderFactory.setXIncludeAware(DocumentBuilderFactory.java:584)
	at org.apache.hadoop.conf.Configuration.loadResource(Configuration.java:2523)
	at org.apache.hadoop.conf.Configuration.loadResources(Configuration.java:2502)
	at org.apache.hadoop.conf.Configuration.getProps(Configuration.java:2405)
	at org.apache.hadoop.conf.Configuration.get(Configuration.java:981)
	at cn.edu.neu.cloudlab.haolap.configuration.CubeConfiguration.<clinit>(CubeConfiguration.java:40)
	at cn.edu.neu.cloudlab.haolap.RPC.SchemaServer.start(SchemaServer.java:173)
	at cn.edu.neu.cloudlab.haolap.service.SchemaServerService.start(SchemaServerService.java:23)
	at cn.edu.neu.cloudlab.haolap.application.SchemaServer.main(SchemaServer.java:13)
2017-08-22 01:43:34 ERROR Configuration:2525 - Failed to set setXIncludeAware(true) for parser org.apache.xerces.jaxp.DocumentBuilderFactoryImpl@475530b9:java.lang.UnsupportedOperationException:  setXIncludeAware is not supported on this JAXP implementation or earlier: class org.apache.xerces.jaxp.DocumentBuilderFactoryImpl
java.lang.UnsupportedOperationException:  setXIncludeAware is not supported on this JAXP implementation or earlier: class org.apache.xerces.jaxp.DocumentBuilderFactoryImpl
	at javax.xml.parsers.DocumentBuilderFactory.setXIncludeAware(DocumentBuilderFactory.java:584)
	at org.apache.hadoop.conf.Configuration.loadResource(Configuration.java:2523)
	at org.apache.hadoop.conf.Configuration.loadResources(Configuration.java:2502)
	at org.apache.hadoop.conf.Configuration.getProps(Configuration.java:2405)
	at org.apache.hadoop.conf.Configuration.get(Configuration.java:981)
	at cn.edu.neu.cloudlab.haolap.configuration.CubeConfiguration.<clinit>(CubeConfiguration.java:40)
	at cn.edu.neu.cloudlab.haolap.RPC.SchemaServer.start(SchemaServer.java:173)
	at cn.edu.neu.cloudlab.haolap.service.SchemaServerService.start(SchemaServerService.java:23)
	at cn.edu.neu.cloudlab.haolap.application.SchemaServer.main(SchemaServer.java:13)
9510
2017-08-22 01:43:35 ERROR Configuration:2525 - Failed to set setXIncludeAware(true) for parser org.apache.xerces.jaxp.DocumentBuilderFactoryImpl@6f1fba17:java.lang.UnsupportedOperationException:  setXIncludeAware is not supported on this JAXP implementation or earlier: class org.apache.xerces.jaxp.DocumentBuilderFactoryImpl
java.lang.UnsupportedOperationException:  setXIncludeAware is not supported on this JAXP implementation or earlier: class org.apache.xerces.jaxp.DocumentBuilderFactoryImpl
	at javax.xml.parsers.DocumentBuilderFactory.setXIncludeAware(DocumentBuilderFactory.java:584)
	at org.apache.hadoop.conf.Configuration.loadResource(Configuration.java:2523)
	at org.apache.hadoop.conf.Configuration.loadResources(Configuration.java:2492)
	at org.apache.hadoop.conf.Configuration.getProps(Configuration.java:2405)
	at org.apache.hadoop.conf.Configuration.get(Configuration.java:981)
	at org.apache.hadoop.conf.Configuration.getTrimmed(Configuration.java:1031)
	at org.apache.hadoop.conf.Configuration.getInt(Configuration.java:1251)
	at org.apache.hadoop.ipc.Server.<init>(Server.java:2177)
	at org.apache.hadoop.ipc.RPC$Server.<init>(RPC.java:951)
	at org.apache.hadoop.ipc.WritableRpcEngine$Server.<init>(WritableRpcEngine.java:401)
	at org.apache.hadoop.ipc.WritableRpcEngine.getServer(WritableRpcEngine.java:323)
	at org.apache.hadoop.ipc.RPC$Builder.build(RPC.java:796)
	at cn.edu.neu.cloudlab.haolap.RPC.SchemaServer.start(SchemaServer.java:184)
	at cn.edu.neu.cloudlab.haolap.service.SchemaServerService.start(SchemaServerService.java:23)
	at cn.edu.neu.cloudlab.haolap.application.SchemaServer.main(SchemaServer.java:13)
2017-08-22 01:43:35 ERROR Configuration:2525 - Failed to set setXIncludeAware(true) for parser org.apache.xerces.jaxp.DocumentBuilderFactoryImpl@57536d79:java.lang.UnsupportedOperationException:  setXIncludeAware is not supported on this JAXP implementation or earlier: class org.apache.xerces.jaxp.DocumentBuilderFactoryImpl
java.lang.UnsupportedOperationException:  setXIncludeAware is not supported on this JAXP implementation or earlier: class org.apache.xerces.jaxp.DocumentBuilderFactoryImpl
	at javax.xml.parsers.DocumentBuilderFactory.setXIncludeAware(DocumentBuilderFactory.java:584)
	at org.apache.hadoop.conf.Configuration.loadResource(Configuration.java:2523)
	at org.apache.hadoop.conf.Configuration.loadResources(Configuration.java:2492)
	at org.apache.hadoop.conf.Configuration.getProps(Configuration.java:2405)
	at org.apache.hadoop.conf.Configuration.get(Configuration.java:981)
	at org.apache.hadoop.conf.Configuration.getTrimmed(Configuration.java:1031)
	at org.apache.hadoop.conf.Configuration.getInt(Configuration.java:1251)
	at org.apache.hadoop.ipc.Server.<init>(Server.java:2177)
	at org.apache.hadoop.ipc.RPC$Server.<init>(RPC.java:951)
	at org.apache.hadoop.ipc.WritableRpcEngine$Server.<init>(WritableRpcEngine.java:401)
	at org.apache.hadoop.ipc.WritableRpcEngine.getServer(WritableRpcEngine.java:323)
	at org.apache.hadoop.ipc.RPC$Builder.build(RPC.java:796)
	at cn.edu.neu.cloudlab.haolap.RPC.SchemaServer.start(SchemaServer.java:184)
	at cn.edu.neu.cloudlab.haolap.service.SchemaServerService.start(SchemaServerService.java:23)
	at cn.edu.neu.cloudlab.haolap.application.SchemaServer.main(SchemaServer.java:13)
2017-08-22 01:43:35 ERROR Configuration:2525 - Failed to set setXIncludeAware(true) for parser org.apache.xerces.jaxp.DocumentBuilderFactoryImpl@1f28c152:java.lang.UnsupportedOperationException:  setXIncludeAware is not supported on this JAXP implementation or earlier: class org.apache.xerces.jaxp.DocumentBuilderFactoryImpl
java.lang.UnsupportedOperationException:  setXIncludeAware is not supported on this JAXP implementation or earlier: class org.apache.xerces.jaxp.DocumentBuilderFactoryImpl
	at javax.xml.parsers.DocumentBuilderFactory.setXIncludeAware(DocumentBuilderFactory.java:584)
	at org.apache.hadoop.conf.Configuration.loadResource(Configuration.java:2523)
	at org.apache.hadoop.conf.Configuration.loadResources(Configuration.java:2492)
	at org.apache.hadoop.conf.Configuration.getProps(Configuration.java:2405)
	at org.apache.hadoop.conf.Configuration.get(Configuration.java:981)
	at org.apache.hadoop.conf.Configuration.getTrimmed(Configuration.java:1031)
	at org.apache.hadoop.conf.Configuration.getInt(Configuration.java:1251)
	at org.apache.hadoop.ipc.Server.<init>(Server.java:2177)
	at org.apache.hadoop.ipc.RPC$Server.<init>(RPC.java:951)
	at org.apache.hadoop.ipc.WritableRpcEngine$Server.<init>(WritableRpcEngine.java:401)
	at org.apache.hadoop.ipc.WritableRpcEngine.getServer(WritableRpcEngine.java:323)
	at org.apache.hadoop.ipc.RPC$Builder.build(RPC.java:796)
	at cn.edu.neu.cloudlab.haolap.RPC.SchemaServer.start(SchemaServer.java:184)
	at cn.edu.neu.cloudlab.haolap.service.SchemaServerService.start(SchemaServerService.java:23)
	at cn.edu.neu.cloudlab.haolap.application.SchemaServer.main(SchemaServer.java:13)
2017-08-22 01:43:35 ERROR Configuration:2525 - Failed to set setXIncludeAware(true) for parser org.apache.xerces.jaxp.DocumentBuilderFactoryImpl@4f970963:java.lang.UnsupportedOperationException:  setXIncludeAware is not supported on this JAXP implementation or earlier: class org.apache.xerces.jaxp.DocumentBuilderFactoryImpl
java.lang.UnsupportedOperationException:  setXIncludeAware is not supported on this JAXP implementation or earlier: class org.apache.xerces.jaxp.DocumentBuilderFactoryImpl
	at javax.xml.parsers.DocumentBuilderFactory.setXIncludeAware(DocumentBuilderFactory.java:584)
	at org.apache.hadoop.conf.Configuration.loadResource(Configuration.java:2523)
	at org.apache.hadoop.conf.Configuration.loadResources(Configuration.java:2492)
	at org.apache.hadoop.conf.Configuration.getProps(Configuration.java:2405)
	at org.apache.hadoop.conf.Configuration.get(Configuration.java:981)
	at org.apache.hadoop.conf.Configuration.getTrimmed(Configuration.java:1031)
	at org.apache.hadoop.conf.Configuration.getInt(Configuration.java:1251)
	at org.apache.hadoop.ipc.Server.<init>(Server.java:2177)
	at org.apache.hadoop.ipc.RPC$Server.<init>(RPC.java:951)
	at org.apache.hadoop.ipc.WritableRpcEngine$Server.<init>(WritableRpcEngine.java:401)
	at org.apache.hadoop.ipc.WritableRpcEngine.getServer(WritableRpcEngine.java:323)
	at org.apache.hadoop.ipc.RPC$Builder.build(RPC.java:796)
	at cn.edu.neu.cloudlab.haolap.RPC.SchemaServer.start(SchemaServer.java:184)
	at cn.edu.neu.cloudlab.haolap.service.SchemaServerService.start(SchemaServerService.java:23)
	at cn.edu.neu.cloudlab.haolap.application.SchemaServer.main(SchemaServer.java:13)
2017-08-22 01:43:35 ERROR Configuration:2525 - Failed to set setXIncludeAware(true) for parser org.apache.xerces.jaxp.DocumentBuilderFactoryImpl@6e0e048a:java.lang.UnsupportedOperationException:  setXIncludeAware is not supported on this JAXP implementation or earlier: class org.apache.xerces.jaxp.DocumentBuilderFactoryImpl
java.lang.UnsupportedOperationException:  setXIncludeAware is not supported on this JAXP implementation or earlier: class org.apache.xerces.jaxp.DocumentBuilderFactoryImpl
	at javax.xml.parsers.DocumentBuilderFactory.setXIncludeAware(DocumentBuilderFactory.java:584)
	at org.apache.hadoop.conf.Configuration.loadResource(Configuration.java:2523)
	at org.apache.hadoop.conf.Configuration.loadResources(Configuration.java:2492)
	at org.apache.hadoop.conf.Configuration.getProps(Configuration.java:2405)
	at org.apache.hadoop.conf.Configuration.get(Configuration.java:981)
	at org.apache.hadoop.conf.Configuration.getTrimmed(Configuration.java:1031)
	at org.apache.hadoop.conf.Configuration.getInt(Configuration.java:1251)
	at org.apache.hadoop.ipc.Server.<init>(Server.java:2177)
	at org.apache.hadoop.ipc.RPC$Server.<init>(RPC.java:951)
	at org.apache.hadoop.ipc.WritableRpcEngine$Server.<init>(WritableRpcEngine.java:401)
	at org.apache.hadoop.ipc.WritableRpcEngine.getServer(WritableRpcEngine.java:323)
	at org.apache.hadoop.ipc.RPC$Builder.build(RPC.java:796)
	at cn.edu.neu.cloudlab.haolap.RPC.SchemaServer.start(SchemaServer.java:184)
	at cn.edu.neu.cloudlab.haolap.service.SchemaServerService.start(SchemaServerService.java:23)
	at cn.edu.neu.cloudlab.haolap.application.SchemaServer.main(SchemaServer.java:13)
2017-08-22 01:43:35 ERROR Configuration:2525 - Failed to set setXIncludeAware(true) for parser org.apache.xerces.jaxp.DocumentBuilderFactoryImpl@3701eaf6:java.lang.UnsupportedOperationException:  setXIncludeAware is not supported on this JAXP implementation or earlier: class org.apache.xerces.jaxp.DocumentBuilderFactoryImpl
java.lang.UnsupportedOperationException:  setXIncludeAware is not supported on this JAXP implementation or earlier: class org.apache.xerces.jaxp.DocumentBuilderFactoryImpl
	at javax.xml.parsers.DocumentBuilderFactory.setXIncludeAware(DocumentBuilderFactory.java:584)
	at org.apache.hadoop.conf.Configuration.loadResource(Configuration.java:2523)
	at org.apache.hadoop.conf.Configuration.loadResources(Configuration.java:2492)
	at org.apache.hadoop.conf.Configuration.getProps(Configuration.java:2405)
	at org.apache.hadoop.conf.Configuration.get(Configuration.java:981)
	at org.apache.hadoop.conf.Configuration.getTrimmed(Configuration.java:1031)
	at org.apache.hadoop.conf.Configuration.getInt(Configuration.java:1251)
	at org.apache.hadoop.ipc.Server.<init>(Server.java:2177)
	at org.apache.hadoop.ipc.RPC$Server.<init>(RPC.java:951)
	at org.apache.hadoop.ipc.WritableRpcEngine$Server.<init>(WritableRpcEngine.java:401)
	at org.apache.hadoop.ipc.WritableRpcEngine.getServer(WritableRpcEngine.java:323)
	at org.apache.hadoop.ipc.RPC$Builder.build(RPC.java:796)
	at cn.edu.neu.cloudlab.haolap.RPC.SchemaServer.start(SchemaServer.java:184)
	at cn.edu.neu.cloudlab.haolap.service.SchemaServerService.start(SchemaServerService.java:23)
	at cn.edu.neu.cloudlab.haolap.application.SchemaServer.main(SchemaServer.java:13)
2017-08-22 01:43:35 ERROR Configuration:2525 - Failed to set setXIncludeAware(true) for parser org.apache.xerces.jaxp.DocumentBuilderFactoryImpl@551aa95a:java.lang.UnsupportedOperationException:  setXIncludeAware is not supported on this JAXP implementation or earlier: class org.apache.xerces.jaxp.DocumentBuilderFactoryImpl
java.lang.UnsupportedOperationException:  setXIncludeAware is not supported on this JAXP implementation or earlier: class org.apache.xerces.jaxp.DocumentBuilderFactoryImpl
	at javax.xml.parsers.DocumentBuilderFactory.setXIncludeAware(DocumentBuilderFactory.java:584)
	at org.apache.hadoop.conf.Configuration.loadResource(Configuration.java:2523)
	at org.apache.hadoop.conf.Configuration.loadResources(Configuration.java:2502)
	at org.apache.hadoop.conf.Configuration.getProps(Configuration.java:2405)
	at org.apache.hadoop.conf.Configuration.get(Configuration.java:981)
	at org.apache.hadoop.conf.Configuration.getTrimmed(Configuration.java:1031)
	at org.apache.hadoop.conf.Configuration.getInt(Configuration.java:1251)
	at org.apache.hadoop.ipc.Server.<init>(Server.java:2177)
	at org.apache.hadoop.ipc.RPC$Server.<init>(RPC.java:951)
	at org.apache.hadoop.ipc.WritableRpcEngine$Server.<init>(WritableRpcEngine.java:401)
	at org.apache.hadoop.ipc.WritableRpcEngine.getServer(WritableRpcEngine.java:323)
	at org.apache.hadoop.ipc.RPC$Builder.build(RPC.java:796)
	at cn.edu.neu.cloudlab.haolap.RPC.SchemaServer.start(SchemaServer.java:184)
	at cn.edu.neu.cloudlab.haolap.service.SchemaServerService.start(SchemaServerService.java:23)
	at cn.edu.neu.cloudlab.haolap.application.SchemaServer.main(SchemaServer.java:13)
2017-08-22 01:43:35 ERROR Configuration:2525 - Failed to set setXIncludeAware(true) for parser org.apache.xerces.jaxp.DocumentBuilderFactoryImpl@3cef309d:java.lang.UnsupportedOperationException:  setXIncludeAware is not supported on this JAXP implementation or earlier: class org.apache.xerces.jaxp.DocumentBuilderFactoryImpl
java.lang.UnsupportedOperationException:  setXIncludeAware is not supported on this JAXP implementation or earlier: class org.apache.xerces.jaxp.DocumentBuilderFactoryImpl
	at javax.xml.parsers.DocumentBuilderFactory.setXIncludeAware(DocumentBuilderFactory.java:584)
	at org.apache.hadoop.conf.Configuration.loadResource(Configuration.java:2523)
	at org.apache.hadoop.conf.Configuration.loadResources(Configuration.java:2502)
	at org.apache.hadoop.conf.Configuration.getProps(Configuration.java:2405)
	at org.apache.hadoop.conf.Configuration.get(Configuration.java:981)
	at org.apache.hadoop.conf.Configuration.getTrimmed(Configuration.java:1031)
	at org.apache.hadoop.conf.Configuration.getInt(Configuration.java:1251)
	at org.apache.hadoop.ipc.Server.<init>(Server.java:2177)
	at org.apache.hadoop.ipc.RPC$Server.<init>(RPC.java:951)
	at org.apache.hadoop.ipc.WritableRpcEngine$Server.<init>(WritableRpcEngine.java:401)
	at org.apache.hadoop.ipc.WritableRpcEngine.getServer(WritableRpcEngine.java:323)
	at org.apache.hadoop.ipc.RPC$Builder.build(RPC.java:796)
	at cn.edu.neu.cloudlab.haolap.RPC.SchemaServer.start(SchemaServer.java:184)
	at cn.edu.neu.cloudlab.haolap.service.SchemaServerService.start(SchemaServerService.java:23)
	at cn.edu.neu.cloudlab.haolap.application.SchemaServer.main(SchemaServer.java:13)
2017-08-22 01:43:35 INFO  CallQueueManager:54 - Using callQueue class java.util.concurrent.LinkedBlockingQueue
2017-08-22 01:43:35 ERROR Shell:397 - Failed to locate the winutils binary in the hadoop binary path
java.io.IOException: Could not locate executable null\bin\winutils.exe in the Hadoop binaries.
	at org.apache.hadoop.util.Shell.getQualifiedBinPath(Shell.java:379)
	at org.apache.hadoop.util.Shell.getWinUtilsPath(Shell.java:394)
	at org.apache.hadoop.util.Shell.<clinit>(Shell.java:387)
	at org.apache.hadoop.util.StringUtils.<clinit>(StringUtils.java:80)
	at org.apache.hadoop.conf.Configuration.getBoolean(Configuration.java:1437)
	at org.apache.hadoop.ipc.Server.<init>(Server.java:2207)
	at org.apache.hadoop.ipc.RPC$Server.<init>(RPC.java:951)
	at org.apache.hadoop.ipc.WritableRpcEngine$Server.<init>(WritableRpcEngine.java:401)
	at org.apache.hadoop.ipc.WritableRpcEngine.getServer(WritableRpcEngine.java:323)
	at org.apache.hadoop.ipc.RPC$Builder.build(RPC.java:796)
	at cn.edu.neu.cloudlab.haolap.RPC.SchemaServer.start(SchemaServer.java:184)
	at cn.edu.neu.cloudlab.haolap.service.SchemaServerService.start(SchemaServerService.java:23)
	at cn.edu.neu.cloudlab.haolap.application.SchemaServer.main(SchemaServer.java:13)
2017-08-22 01:43:35 ERROR Configuration:2525 - Failed to set setXIncludeAware(true) for parser org.apache.xerces.jaxp.DocumentBuilderFactoryImpl@2a17b7b6:java.lang.UnsupportedOperationException:  setXIncludeAware is not supported on this JAXP implementation or earlier: class org.apache.xerces.jaxp.DocumentBuilderFactoryImpl
java.lang.UnsupportedOperationException:  setXIncludeAware is not supported on this JAXP implementation or earlier: class org.apache.xerces.jaxp.DocumentBuilderFactoryImpl
	at javax.xml.parsers.DocumentBuilderFactory.setXIncludeAware(DocumentBuilderFactory.java:584)
	at org.apache.hadoop.conf.Configuration.loadResource(Configuration.java:2523)
	at org.apache.hadoop.conf.Configuration.loadResources(Configuration.java:2492)
	at org.apache.hadoop.conf.Configuration.getProps(Configuration.java:2405)
	at org.apache.hadoop.conf.Configuration.get(Configuration.java:981)
	at org.apache.hadoop.conf.Configuration.getTrimmed(Configuration.java:1031)
	at org.apache.hadoop.conf.Configuration.getBoolean(Configuration.java:1432)
	at org.apache.hadoop.security.SecurityUtil.<clinit>(SecurityUtil.java:72)
	at org.apache.hadoop.ipc.Server.getAuthMethods(Server.java:2265)
	at org.apache.hadoop.ipc.Server.<init>(Server.java:2211)
	at org.apache.hadoop.ipc.RPC$Server.<init>(RPC.java:951)
	at org.apache.hadoop.ipc.WritableRpcEngine$Server.<init>(WritableRpcEngine.java:401)
	at org.apache.hadoop.ipc.WritableRpcEngine.getServer(WritableRpcEngine.java:323)
	at org.apache.hadoop.ipc.RPC$Builder.build(RPC.java:796)
	at cn.edu.neu.cloudlab.haolap.RPC.SchemaServer.start(SchemaServer.java:184)
	at cn.edu.neu.cloudlab.haolap.service.SchemaServerService.start(SchemaServerService.java:23)
	at cn.edu.neu.cloudlab.haolap.application.SchemaServer.main(SchemaServer.java:13)
2017-08-22 01:43:35 ERROR Configuration:2525 - Failed to set setXIncludeAware(true) for parser org.apache.xerces.jaxp.DocumentBuilderFactoryImpl@131276c2:java.lang.UnsupportedOperationException:  setXIncludeAware is not supported on this JAXP implementation or earlier: class org.apache.xerces.jaxp.DocumentBuilderFactoryImpl
java.lang.UnsupportedOperationException:  setXIncludeAware is not supported on this JAXP implementation or earlier: class org.apache.xerces.jaxp.DocumentBuilderFactoryImpl
	at javax.xml.parsers.DocumentBuilderFactory.setXIncludeAware(DocumentBuilderFactory.java:584)
	at org.apache.hadoop.conf.Configuration.loadResource(Configuration.java:2523)
	at org.apache.hadoop.conf.Configuration.loadResources(Configuration.java:2492)
	at org.apache.hadoop.conf.Configuration.getProps(Configuration.java:2405)
	at org.apache.hadoop.conf.Configuration.get(Configuration.java:981)
	at org.apache.hadoop.conf.Configuration.getTrimmed(Configuration.java:1031)
	at org.apache.hadoop.conf.Configuration.getBoolean(Configuration.java:1432)
	at org.apache.hadoop.security.SecurityUtil.<clinit>(SecurityUtil.java:72)
	at org.apache.hadoop.ipc.Server.getAuthMethods(Server.java:2265)
	at org.apache.hadoop.ipc.Server.<init>(Server.java:2211)
	at org.apache.hadoop.ipc.RPC$Server.<init>(RPC.java:951)
	at org.apache.hadoop.ipc.WritableRpcEngine$Server.<init>(WritableRpcEngine.java:401)
	at org.apache.hadoop.ipc.WritableRpcEngine.getServer(WritableRpcEngine.java:323)
	at org.apache.hadoop.ipc.RPC$Builder.build(RPC.java:796)
	at cn.edu.neu.cloudlab.haolap.RPC.SchemaServer.start(SchemaServer.java:184)
	at cn.edu.neu.cloudlab.haolap.service.SchemaServerService.start(SchemaServerService.java:23)
	at cn.edu.neu.cloudlab.haolap.application.SchemaServer.main(SchemaServer.java:13)
2017-08-22 01:43:35 ERROR Configuration:2525 - Failed to set setXIncludeAware(true) for parser org.apache.xerces.jaxp.DocumentBuilderFactoryImpl@4e7dc304:java.lang.UnsupportedOperationException:  setXIncludeAware is not supported on this JAXP implementation or earlier: class org.apache.xerces.jaxp.DocumentBuilderFactoryImpl
java.lang.UnsupportedOperationException:  setXIncludeAware is not supported on this JAXP implementation or earlier: class org.apache.xerces.jaxp.DocumentBuilderFactoryImpl
	at javax.xml.parsers.DocumentBuilderFactory.setXIncludeAware(DocumentBuilderFactory.java:584)
	at org.apache.hadoop.conf.Configuration.loadResource(Configuration.java:2523)
	at org.apache.hadoop.conf.Configuration.loadResources(Configuration.java:2492)
	at org.apache.hadoop.conf.Configuration.getProps(Configuration.java:2405)
	at org.apache.hadoop.conf.Configuration.get(Configuration.java:981)
	at org.apache.hadoop.conf.Configuration.getTrimmed(Configuration.java:1031)
	at org.apache.hadoop.conf.Configuration.getBoolean(Configuration.java:1432)
	at org.apache.hadoop.security.SecurityUtil.<clinit>(SecurityUtil.java:72)
	at org.apache.hadoop.ipc.Server.getAuthMethods(Server.java:2265)
	at org.apache.hadoop.ipc.Server.<init>(Server.java:2211)
	at org.apache.hadoop.ipc.RPC$Server.<init>(RPC.java:951)
	at org.apache.hadoop.ipc.WritableRpcEngine$Server.<init>(WritableRpcEngine.java:401)
	at org.apache.hadoop.ipc.WritableRpcEngine.getServer(WritableRpcEngine.java:323)
	at org.apache.hadoop.ipc.RPC$Builder.build(RPC.java:796)
	at cn.edu.neu.cloudlab.haolap.RPC.SchemaServer.start(SchemaServer.java:184)
	at cn.edu.neu.cloudlab.haolap.service.SchemaServerService.start(SchemaServerService.java:23)
	at cn.edu.neu.cloudlab.haolap.application.SchemaServer.main(SchemaServer.java:13)
2017-08-22 01:43:35 ERROR Configuration:2525 - Failed to set setXIncludeAware(true) for parser org.apache.xerces.jaxp.DocumentBuilderFactoryImpl@396f6598:java.lang.UnsupportedOperationException:  setXIncludeAware is not supported on this JAXP implementation or earlier: class org.apache.xerces.jaxp.DocumentBuilderFactoryImpl
java.lang.UnsupportedOperationException:  setXIncludeAware is not supported on this JAXP implementation or earlier: class org.apache.xerces.jaxp.DocumentBuilderFactoryImpl
	at javax.xml.parsers.DocumentBuilderFactory.setXIncludeAware(DocumentBuilderFactory.java:584)
	at org.apache.hadoop.conf.Configuration.loadResource(Configuration.java:2523)
	at org.apache.hadoop.conf.Configuration.loadResources(Configuration.java:2492)
	at org.apache.hadoop.conf.Configuration.getProps(Configuration.java:2405)
	at org.apache.hadoop.conf.Configuration.get(Configuration.java:981)
	at org.apache.hadoop.conf.Configuration.getTrimmed(Configuration.java:1031)
	at org.apache.hadoop.conf.Configuration.getBoolean(Configuration.java:1432)
	at org.apache.hadoop.security.SecurityUtil.<clinit>(SecurityUtil.java:72)
	at org.apache.hadoop.ipc.Server.getAuthMethods(Server.java:2265)
	at org.apache.hadoop.ipc.Server.<init>(Server.java:2211)
	at org.apache.hadoop.ipc.RPC$Server.<init>(RPC.java:951)
	at org.apache.hadoop.ipc.WritableRpcEngine$Server.<init>(WritableRpcEngine.java:401)
	at org.apache.hadoop.ipc.WritableRpcEngine.getServer(WritableRpcEngine.java:323)
	at org.apache.hadoop.ipc.RPC$Builder.build(RPC.java:796)
	at cn.edu.neu.cloudlab.haolap.RPC.SchemaServer.start(SchemaServer.java:184)
	at cn.edu.neu.cloudlab.haolap.service.SchemaServerService.start(SchemaServerService.java:23)
	at cn.edu.neu.cloudlab.haolap.application.SchemaServer.main(SchemaServer.java:13)
2017-08-22 01:43:35 ERROR Configuration:2525 - Failed to set setXIncludeAware(true) for parser org.apache.xerces.jaxp.DocumentBuilderFactoryImpl@53f65459:java.lang.UnsupportedOperationException:  setXIncludeAware is not supported on this JAXP implementation or earlier: class org.apache.xerces.jaxp.DocumentBuilderFactoryImpl
java.lang.UnsupportedOperationException:  setXIncludeAware is not supported on this JAXP implementation or earlier: class org.apache.xerces.jaxp.DocumentBuilderFactoryImpl
	at javax.xml.parsers.DocumentBuilderFactory.setXIncludeAware(DocumentBuilderFactory.java:584)
	at org.apache.hadoop.conf.Configuration.loadResource(Configuration.java:2523)
	at org.apache.hadoop.conf.Configuration.loadResources(Configuration.java:2492)
	at org.apache.hadoop.conf.Configuration.getProps(Configuration.java:2405)
	at org.apache.hadoop.conf.Configuration.get(Configuration.java:981)
	at org.apache.hadoop.conf.Configuration.getTrimmed(Configuration.java:1031)
	at org.apache.hadoop.conf.Configuration.getBoolean(Configuration.java:1432)
	at org.apache.hadoop.security.SecurityUtil.<clinit>(SecurityUtil.java:72)
	at org.apache.hadoop.ipc.Server.getAuthMethods(Server.java:2265)
	at org.apache.hadoop.ipc.Server.<init>(Server.java:2211)
	at org.apache.hadoop.ipc.RPC$Server.<init>(RPC.java:951)
	at org.apache.hadoop.ipc.WritableRpcEngine$Server.<init>(WritableRpcEngine.java:401)
	at org.apache.hadoop.ipc.WritableRpcEngine.getServer(WritableRpcEngine.java:323)
	at org.apache.hadoop.ipc.RPC$Builder.build(RPC.java:796)
	at cn.edu.neu.cloudlab.haolap.RPC.SchemaServer.start(SchemaServer.java:184)
	at cn.edu.neu.cloudlab.haolap.service.SchemaServerService.start(SchemaServerService.java:23)
	at cn.edu.neu.cloudlab.haolap.application.SchemaServer.main(SchemaServer.java:13)
2017-08-22 01:43:35 ERROR Configuration:2525 - Failed to set setXIncludeAware(true) for parser org.apache.xerces.jaxp.DocumentBuilderFactoryImpl@4d41cee:java.lang.UnsupportedOperationException:  setXIncludeAware is not supported on this JAXP implementation or earlier: class org.apache.xerces.jaxp.DocumentBuilderFactoryImpl
java.lang.UnsupportedOperationException:  setXIncludeAware is not supported on this JAXP implementation or earlier: class org.apache.xerces.jaxp.DocumentBuilderFactoryImpl
	at javax.xml.parsers.DocumentBuilderFactory.setXIncludeAware(DocumentBuilderFactory.java:584)
	at org.apache.hadoop.conf.Configuration.loadResource(Configuration.java:2523)
	at org.apache.hadoop.conf.Configuration.loadResources(Configuration.java:2492)
	at org.apache.hadoop.conf.Configuration.getProps(Configuration.java:2405)
	at org.apache.hadoop.conf.Configuration.get(Configuration.java:981)
	at org.apache.hadoop.conf.Configuration.getTrimmed(Configuration.java:1031)
	at org.apache.hadoop.conf.Configuration.getBoolean(Configuration.java:1432)
	at org.apache.hadoop.security.SecurityUtil.<clinit>(SecurityUtil.java:72)
	at org.apache.hadoop.ipc.Server.getAuthMethods(Server.java:2265)
	at org.apache.hadoop.ipc.Server.<init>(Server.java:2211)
	at org.apache.hadoop.ipc.RPC$Server.<init>(RPC.java:951)
	at org.apache.hadoop.ipc.WritableRpcEngine$Server.<init>(WritableRpcEngine.java:401)
	at org.apache.hadoop.ipc.WritableRpcEngine.getServer(WritableRpcEngine.java:323)
	at org.apache.hadoop.ipc.RPC$Builder.build(RPC.java:796)
	at cn.edu.neu.cloudlab.haolap.RPC.SchemaServer.start(SchemaServer.java:184)
	at cn.edu.neu.cloudlab.haolap.service.SchemaServerService.start(SchemaServerService.java:23)
	at cn.edu.neu.cloudlab.haolap.application.SchemaServer.main(SchemaServer.java:13)
2017-08-22 01:43:43 ERROR Configuration:2525 - Failed to set setXIncludeAware(true) for parser org.apache.xerces.jaxp.DocumentBuilderFactoryImpl@61064425:java.lang.UnsupportedOperationException:  setXIncludeAware is not supported on this JAXP implementation or earlier: class org.apache.xerces.jaxp.DocumentBuilderFactoryImpl
java.lang.UnsupportedOperationException:  setXIncludeAware is not supported on this JAXP implementation or earlier: class org.apache.xerces.jaxp.DocumentBuilderFactoryImpl
	at javax.xml.parsers.DocumentBuilderFactory.setXIncludeAware(DocumentBuilderFactory.java:584)
	at org.apache.hadoop.conf.Configuration.loadResource(Configuration.java:2523)
	at org.apache.hadoop.conf.Configuration.loadResources(Configuration.java:2492)
	at org.apache.hadoop.conf.Configuration.getProps(Configuration.java:2405)
	at org.apache.hadoop.conf.Configuration.get(Configuration.java:981)
	at cn.edu.neu.cloudlab.haolap.configuration.CubeConfiguration.<clinit>(CubeConfiguration.java:40)
	at cn.edu.neu.cloudlab.haolap.RPC.SchemaServer.start(SchemaServer.java:173)
	at cn.edu.neu.cloudlab.haolap.service.SchemaServerService.start(SchemaServerService.java:23)
	at cn.edu.neu.cloudlab.haolap.application.SchemaServer.main(SchemaServer.java:13)
2017-08-22 01:43:43 ERROR Configuration:2525 - Failed to set setXIncludeAware(true) for parser org.apache.xerces.jaxp.DocumentBuilderFactoryImpl@5c7fa833:java.lang.UnsupportedOperationException:  setXIncludeAware is not supported on this JAXP implementation or earlier: class org.apache.xerces.jaxp.DocumentBuilderFactoryImpl
java.lang.UnsupportedOperationException:  setXIncludeAware is not supported on this JAXP implementation or earlier: class org.apache.xerces.jaxp.DocumentBuilderFactoryImpl
	at javax.xml.parsers.DocumentBuilderFactory.setXIncludeAware(DocumentBuilderFactory.java:584)
	at org.apache.hadoop.conf.Configuration.loadResource(Configuration.java:2523)
	at org.apache.hadoop.conf.Configuration.loadResources(Configuration.java:2492)
	at org.apache.hadoop.conf.Configuration.getProps(Configuration.java:2405)
	at org.apache.hadoop.conf.Configuration.get(Configuration.java:981)
	at cn.edu.neu.cloudlab.haolap.configuration.CubeConfiguration.<clinit>(CubeConfiguration.java:40)
	at cn.edu.neu.cloudlab.haolap.RPC.SchemaServer.start(SchemaServer.java:173)
	at cn.edu.neu.cloudlab.haolap.service.SchemaServerService.start(SchemaServerService.java:23)
	at cn.edu.neu.cloudlab.haolap.application.SchemaServer.main(SchemaServer.java:13)
2017-08-22 01:43:43 ERROR Configuration:2525 - Failed to set setXIncludeAware(true) for parser org.apache.xerces.jaxp.DocumentBuilderFactoryImpl@55f3ddb1:java.lang.UnsupportedOperationException:  setXIncludeAware is not supported on this JAXP implementation or earlier: class org.apache.xerces.jaxp.DocumentBuilderFactoryImpl
java.lang.UnsupportedOperationException:  setXIncludeAware is not supported on this JAXP implementation or earlier: class org.apache.xerces.jaxp.DocumentBuilderFactoryImpl
	at javax.xml.parsers.DocumentBuilderFactory.setXIncludeAware(DocumentBuilderFactory.java:584)
	at org.apache.hadoop.conf.Configuration.loadResource(Configuration.java:2523)
	at org.apache.hadoop.conf.Configuration.loadResources(Configuration.java:2502)
	at org.apache.hadoop.conf.Configuration.getProps(Configuration.java:2405)
	at org.apache.hadoop.conf.Configuration.get(Configuration.java:981)
	at cn.edu.neu.cloudlab.haolap.configuration.CubeConfiguration.<clinit>(CubeConfiguration.java:40)
	at cn.edu.neu.cloudlab.haolap.RPC.SchemaServer.start(SchemaServer.java:173)
	at cn.edu.neu.cloudlab.haolap.service.SchemaServerService.start(SchemaServerService.java:23)
	at cn.edu.neu.cloudlab.haolap.application.SchemaServer.main(SchemaServer.java:13)
2017-08-22 01:43:43 ERROR Configuration:2525 - Failed to set setXIncludeAware(true) for parser org.apache.xerces.jaxp.DocumentBuilderFactoryImpl@475530b9:java.lang.UnsupportedOperationException:  setXIncludeAware is not supported on this JAXP implementation or earlier: class org.apache.xerces.jaxp.DocumentBuilderFactoryImpl
java.lang.UnsupportedOperationException:  setXIncludeAware is not supported on this JAXP implementation or earlier: class org.apache.xerces.jaxp.DocumentBuilderFactoryImpl
	at javax.xml.parsers.DocumentBuilderFactory.setXIncludeAware(DocumentBuilderFactory.java:584)
	at org.apache.hadoop.conf.Configuration.loadResource(Configuration.java:2523)
	at org.apache.hadoop.conf.Configuration.loadResources(Configuration.java:2502)
	at org.apache.hadoop.conf.Configuration.getProps(Configuration.java:2405)
	at org.apache.hadoop.conf.Configuration.get(Configuration.java:981)
	at cn.edu.neu.cloudlab.haolap.configuration.CubeConfiguration.<clinit>(CubeConfiguration.java:40)
	at cn.edu.neu.cloudlab.haolap.RPC.SchemaServer.start(SchemaServer.java:173)
	at cn.edu.neu.cloudlab.haolap.service.SchemaServerService.start(SchemaServerService.java:23)
	at cn.edu.neu.cloudlab.haolap.application.SchemaServer.main(SchemaServer.java:13)
9510
2017-08-22 01:43:43 ERROR Configuration:2525 - Failed to set setXIncludeAware(true) for parser org.apache.xerces.jaxp.DocumentBuilderFactoryImpl@6f1fba17:java.lang.UnsupportedOperationException:  setXIncludeAware is not supported on this JAXP implementation or earlier: class org.apache.xerces.jaxp.DocumentBuilderFactoryImpl
java.lang.UnsupportedOperationException:  setXIncludeAware is not supported on this JAXP implementation or earlier: class org.apache.xerces.jaxp.DocumentBuilderFactoryImpl
	at javax.xml.parsers.DocumentBuilderFactory.setXIncludeAware(DocumentBuilderFactory.java:584)
	at org.apache.hadoop.conf.Configuration.loadResource(Configuration.java:2523)
	at org.apache.hadoop.conf.Configuration.loadResources(Configuration.java:2492)
	at org.apache.hadoop.conf.Configuration.getProps(Configuration.java:2405)
	at org.apache.hadoop.conf.Configuration.get(Configuration.java:981)
	at org.apache.hadoop.conf.Configuration.getTrimmed(Configuration.java:1031)
	at org.apache.hadoop.conf.Configuration.getInt(Configuration.java:1251)
	at org.apache.hadoop.ipc.Server.<init>(Server.java:2177)
	at org.apache.hadoop.ipc.RPC$Server.<init>(RPC.java:951)
	at org.apache.hadoop.ipc.WritableRpcEngine$Server.<init>(WritableRpcEngine.java:401)
	at org.apache.hadoop.ipc.WritableRpcEngine.getServer(WritableRpcEngine.java:323)
	at org.apache.hadoop.ipc.RPC$Builder.build(RPC.java:796)
	at cn.edu.neu.cloudlab.haolap.RPC.SchemaServer.start(SchemaServer.java:184)
	at cn.edu.neu.cloudlab.haolap.service.SchemaServerService.start(SchemaServerService.java:23)
	at cn.edu.neu.cloudlab.haolap.application.SchemaServer.main(SchemaServer.java:13)
2017-08-22 01:43:43 ERROR Configuration:2525 - Failed to set setXIncludeAware(true) for parser org.apache.xerces.jaxp.DocumentBuilderFactoryImpl@57536d79:java.lang.UnsupportedOperationException:  setXIncludeAware is not supported on this JAXP implementation or earlier: class org.apache.xerces.jaxp.DocumentBuilderFactoryImpl
java.lang.UnsupportedOperationException:  setXIncludeAware is not supported on this JAXP implementation or earlier: class org.apache.xerces.jaxp.DocumentBuilderFactoryImpl
	at javax.xml.parsers.DocumentBuilderFactory.setXIncludeAware(DocumentBuilderFactory.java:584)
	at org.apache.hadoop.conf.Configuration.loadResource(Configuration.java:2523)
	at org.apache.hadoop.conf.Configuration.loadResources(Configuration.java:2492)
	at org.apache.hadoop.conf.Configuration.getProps(Configuration.java:2405)
	at org.apache.hadoop.conf.Configuration.get(Configuration.java:981)
	at org.apache.hadoop.conf.Configuration.getTrimmed(Configuration.java:1031)
	at org.apache.hadoop.conf.Configuration.getInt(Configuration.java:1251)
	at org.apache.hadoop.ipc.Server.<init>(Server.java:2177)
	at org.apache.hadoop.ipc.RPC$Server.<init>(RPC.java:951)
	at org.apache.hadoop.ipc.WritableRpcEngine$Server.<init>(WritableRpcEngine.java:401)
	at org.apache.hadoop.ipc.WritableRpcEngine.getServer(WritableRpcEngine.java:323)
	at org.apache.hadoop.ipc.RPC$Builder.build(RPC.java:796)
	at cn.edu.neu.cloudlab.haolap.RPC.SchemaServer.start(SchemaServer.java:184)
	at cn.edu.neu.cloudlab.haolap.service.SchemaServerService.start(SchemaServerService.java:23)
	at cn.edu.neu.cloudlab.haolap.application.SchemaServer.main(SchemaServer.java:13)
2017-08-22 01:43:43 ERROR Configuration:2525 - Failed to set setXIncludeAware(true) for parser org.apache.xerces.jaxp.DocumentBuilderFactoryImpl@1f28c152:java.lang.UnsupportedOperationException:  setXIncludeAware is not supported on this JAXP implementation or earlier: class org.apache.xerces.jaxp.DocumentBuilderFactoryImpl
java.lang.UnsupportedOperationException:  setXIncludeAware is not supported on this JAXP implementation or earlier: class org.apache.xerces.jaxp.DocumentBuilderFactoryImpl
	at javax.xml.parsers.DocumentBuilderFactory.setXIncludeAware(DocumentBuilderFactory.java:584)
	at org.apache.hadoop.conf.Configuration.loadResource(Configuration.java:2523)
	at org.apache.hadoop.conf.Configuration.loadResources(Configuration.java:2492)
	at org.apache.hadoop.conf.Configuration.getProps(Configuration.java:2405)
	at org.apache.hadoop.conf.Configuration.get(Configuration.java:981)
	at org.apache.hadoop.conf.Configuration.getTrimmed(Configuration.java:1031)
	at org.apache.hadoop.conf.Configuration.getInt(Configuration.java:1251)
	at org.apache.hadoop.ipc.Server.<init>(Server.java:2177)
	at org.apache.hadoop.ipc.RPC$Server.<init>(RPC.java:951)
	at org.apache.hadoop.ipc.WritableRpcEngine$Server.<init>(WritableRpcEngine.java:401)
	at org.apache.hadoop.ipc.WritableRpcEngine.getServer(WritableRpcEngine.java:323)
	at org.apache.hadoop.ipc.RPC$Builder.build(RPC.java:796)
	at cn.edu.neu.cloudlab.haolap.RPC.SchemaServer.start(SchemaServer.java:184)
	at cn.edu.neu.cloudlab.haolap.service.SchemaServerService.start(SchemaServerService.java:23)
	at cn.edu.neu.cloudlab.haolap.application.SchemaServer.main(SchemaServer.java:13)
2017-08-22 01:43:43 ERROR Configuration:2525 - Failed to set setXIncludeAware(true) for parser org.apache.xerces.jaxp.DocumentBuilderFactoryImpl@4f970963:java.lang.UnsupportedOperationException:  setXIncludeAware is not supported on this JAXP implementation or earlier: class org.apache.xerces.jaxp.DocumentBuilderFactoryImpl
java.lang.UnsupportedOperationException:  setXIncludeAware is not supported on this JAXP implementation or earlier: class org.apache.xerces.jaxp.DocumentBuilderFactoryImpl
	at javax.xml.parsers.DocumentBuilderFactory.setXIncludeAware(DocumentBuilderFactory.java:584)
	at org.apache.hadoop.conf.Configuration.loadResource(Configuration.java:2523)
	at org.apache.hadoop.conf.Configuration.loadResources(Configuration.java:2492)
	at org.apache.hadoop.conf.Configuration.getProps(Configuration.java:2405)
	at org.apache.hadoop.conf.Configuration.get(Configuration.java:981)
	at org.apache.hadoop.conf.Configuration.getTrimmed(Configuration.java:1031)
	at org.apache.hadoop.conf.Configuration.getInt(Configuration.java:1251)
	at org.apache.hadoop.ipc.Server.<init>(Server.java:2177)
	at org.apache.hadoop.ipc.RPC$Server.<init>(RPC.java:951)
	at org.apache.hadoop.ipc.WritableRpcEngine$Server.<init>(WritableRpcEngine.java:401)
	at org.apache.hadoop.ipc.WritableRpcEngine.getServer(WritableRpcEngine.java:323)
	at org.apache.hadoop.ipc.RPC$Builder.build(RPC.java:796)
	at cn.edu.neu.cloudlab.haolap.RPC.SchemaServer.start(SchemaServer.java:184)
	at cn.edu.neu.cloudlab.haolap.service.SchemaServerService.start(SchemaServerService.java:23)
	at cn.edu.neu.cloudlab.haolap.application.SchemaServer.main(SchemaServer.java:13)
2017-08-22 01:43:43 ERROR Configuration:2525 - Failed to set setXIncludeAware(true) for parser org.apache.xerces.jaxp.DocumentBuilderFactoryImpl@6e0e048a:java.lang.UnsupportedOperationException:  setXIncludeAware is not supported on this JAXP implementation or earlier: class org.apache.xerces.jaxp.DocumentBuilderFactoryImpl
java.lang.UnsupportedOperationException:  setXIncludeAware is not supported on this JAXP implementation or earlier: class org.apache.xerces.jaxp.DocumentBuilderFactoryImpl
	at javax.xml.parsers.DocumentBuilderFactory.setXIncludeAware(DocumentBuilderFactory.java:584)
	at org.apache.hadoop.conf.Configuration.loadResource(Configuration.java:2523)
	at org.apache.hadoop.conf.Configuration.loadResources(Configuration.java:2492)
	at org.apache.hadoop.conf.Configuration.getProps(Configuration.java:2405)
	at org.apache.hadoop.conf.Configuration.get(Configuration.java:981)
	at org.apache.hadoop.conf.Configuration.getTrimmed(Configuration.java:1031)
	at org.apache.hadoop.conf.Configuration.getInt(Configuration.java:1251)
	at org.apache.hadoop.ipc.Server.<init>(Server.java:2177)
	at org.apache.hadoop.ipc.RPC$Server.<init>(RPC.java:951)
	at org.apache.hadoop.ipc.WritableRpcEngine$Server.<init>(WritableRpcEngine.java:401)
	at org.apache.hadoop.ipc.WritableRpcEngine.getServer(WritableRpcEngine.java:323)
	at org.apache.hadoop.ipc.RPC$Builder.build(RPC.java:796)
	at cn.edu.neu.cloudlab.haolap.RPC.SchemaServer.start(SchemaServer.java:184)
	at cn.edu.neu.cloudlab.haolap.service.SchemaServerService.start(SchemaServerService.java:23)
	at cn.edu.neu.cloudlab.haolap.application.SchemaServer.main(SchemaServer.java:13)
2017-08-22 01:43:43 ERROR Configuration:2525 - Failed to set setXIncludeAware(true) for parser org.apache.xerces.jaxp.DocumentBuilderFactoryImpl@3701eaf6:java.lang.UnsupportedOperationException:  setXIncludeAware is not supported on this JAXP implementation or earlier: class org.apache.xerces.jaxp.DocumentBuilderFactoryImpl
java.lang.UnsupportedOperationException:  setXIncludeAware is not supported on this JAXP implementation or earlier: class org.apache.xerces.jaxp.DocumentBuilderFactoryImpl
	at javax.xml.parsers.DocumentBuilderFactory.setXIncludeAware(DocumentBuilderFactory.java:584)
	at org.apache.hadoop.conf.Configuration.loadResource(Configuration.java:2523)
	at org.apache.hadoop.conf.Configuration.loadResources(Configuration.java:2492)
	at org.apache.hadoop.conf.Configuration.getProps(Configuration.java:2405)
	at org.apache.hadoop.conf.Configuration.get(Configuration.java:981)
	at org.apache.hadoop.conf.Configuration.getTrimmed(Configuration.java:1031)
	at org.apache.hadoop.conf.Configuration.getInt(Configuration.java:1251)
	at org.apache.hadoop.ipc.Server.<init>(Server.java:2177)
	at org.apache.hadoop.ipc.RPC$Server.<init>(RPC.java:951)
	at org.apache.hadoop.ipc.WritableRpcEngine$Server.<init>(WritableRpcEngine.java:401)
	at org.apache.hadoop.ipc.WritableRpcEngine.getServer(WritableRpcEngine.java:323)
	at org.apache.hadoop.ipc.RPC$Builder.build(RPC.java:796)
	at cn.edu.neu.cloudlab.haolap.RPC.SchemaServer.start(SchemaServer.java:184)
	at cn.edu.neu.cloudlab.haolap.service.SchemaServerService.start(SchemaServerService.java:23)
	at cn.edu.neu.cloudlab.haolap.application.SchemaServer.main(SchemaServer.java:13)
2017-08-22 01:43:43 ERROR Configuration:2525 - Failed to set setXIncludeAware(true) for parser org.apache.xerces.jaxp.DocumentBuilderFactoryImpl@551aa95a:java.lang.UnsupportedOperationException:  setXIncludeAware is not supported on this JAXP implementation or earlier: class org.apache.xerces.jaxp.DocumentBuilderFactoryImpl
java.lang.UnsupportedOperationException:  setXIncludeAware is not supported on this JAXP implementation or earlier: class org.apache.xerces.jaxp.DocumentBuilderFactoryImpl
	at javax.xml.parsers.DocumentBuilderFactory.setXIncludeAware(DocumentBuilderFactory.java:584)
	at org.apache.hadoop.conf.Configuration.loadResource(Configuration.java:2523)
	at org.apache.hadoop.conf.Configuration.loadResources(Configuration.java:2502)
	at org.apache.hadoop.conf.Configuration.getProps(Configuration.java:2405)
	at org.apache.hadoop.conf.Configuration.get(Configuration.java:981)
	at org.apache.hadoop.conf.Configuration.getTrimmed(Configuration.java:1031)
	at org.apache.hadoop.conf.Configuration.getInt(Configuration.java:1251)
	at org.apache.hadoop.ipc.Server.<init>(Server.java:2177)
	at org.apache.hadoop.ipc.RPC$Server.<init>(RPC.java:951)
	at org.apache.hadoop.ipc.WritableRpcEngine$Server.<init>(WritableRpcEngine.java:401)
	at org.apache.hadoop.ipc.WritableRpcEngine.getServer(WritableRpcEngine.java:323)
	at org.apache.hadoop.ipc.RPC$Builder.build(RPC.java:796)
	at cn.edu.neu.cloudlab.haolap.RPC.SchemaServer.start(SchemaServer.java:184)
	at cn.edu.neu.cloudlab.haolap.service.SchemaServerService.start(SchemaServerService.java:23)
	at cn.edu.neu.cloudlab.haolap.application.SchemaServer.main(SchemaServer.java:13)
2017-08-22 01:43:43 ERROR Configuration:2525 - Failed to set setXIncludeAware(true) for parser org.apache.xerces.jaxp.DocumentBuilderFactoryImpl@3cef309d:java.lang.UnsupportedOperationException:  setXIncludeAware is not supported on this JAXP implementation or earlier: class org.apache.xerces.jaxp.DocumentBuilderFactoryImpl
java.lang.UnsupportedOperationException:  setXIncludeAware is not supported on this JAXP implementation or earlier: class org.apache.xerces.jaxp.DocumentBuilderFactoryImpl
	at javax.xml.parsers.DocumentBuilderFactory.setXIncludeAware(DocumentBuilderFactory.java:584)
	at org.apache.hadoop.conf.Configuration.loadResource(Configuration.java:2523)
	at org.apache.hadoop.conf.Configuration.loadResources(Configuration.java:2502)
	at org.apache.hadoop.conf.Configuration.getProps(Configuration.java:2405)
	at org.apache.hadoop.conf.Configuration.get(Configuration.java:981)
	at org.apache.hadoop.conf.Configuration.getTrimmed(Configuration.java:1031)
	at org.apache.hadoop.conf.Configuration.getInt(Configuration.java:1251)
	at org.apache.hadoop.ipc.Server.<init>(Server.java:2177)
	at org.apache.hadoop.ipc.RPC$Server.<init>(RPC.java:951)
	at org.apache.hadoop.ipc.WritableRpcEngine$Server.<init>(WritableRpcEngine.java:401)
	at org.apache.hadoop.ipc.WritableRpcEngine.getServer(WritableRpcEngine.java:323)
	at org.apache.hadoop.ipc.RPC$Builder.build(RPC.java:796)
	at cn.edu.neu.cloudlab.haolap.RPC.SchemaServer.start(SchemaServer.java:184)
	at cn.edu.neu.cloudlab.haolap.service.SchemaServerService.start(SchemaServerService.java:23)
	at cn.edu.neu.cloudlab.haolap.application.SchemaServer.main(SchemaServer.java:13)
2017-08-22 01:43:43 INFO  CallQueueManager:54 - Using callQueue class java.util.concurrent.LinkedBlockingQueue
2017-08-22 01:43:43 ERROR Shell:397 - Failed to locate the winutils binary in the hadoop binary path
java.io.IOException: Could not locate executable null\bin\winutils.exe in the Hadoop binaries.
	at org.apache.hadoop.util.Shell.getQualifiedBinPath(Shell.java:379)
	at org.apache.hadoop.util.Shell.getWinUtilsPath(Shell.java:394)
	at org.apache.hadoop.util.Shell.<clinit>(Shell.java:387)
	at org.apache.hadoop.util.StringUtils.<clinit>(StringUtils.java:80)
	at org.apache.hadoop.conf.Configuration.getBoolean(Configuration.java:1437)
	at org.apache.hadoop.ipc.Server.<init>(Server.java:2207)
	at org.apache.hadoop.ipc.RPC$Server.<init>(RPC.java:951)
	at org.apache.hadoop.ipc.WritableRpcEngine$Server.<init>(WritableRpcEngine.java:401)
	at org.apache.hadoop.ipc.WritableRpcEngine.getServer(WritableRpcEngine.java:323)
	at org.apache.hadoop.ipc.RPC$Builder.build(RPC.java:796)
	at cn.edu.neu.cloudlab.haolap.RPC.SchemaServer.start(SchemaServer.java:184)
	at cn.edu.neu.cloudlab.haolap.service.SchemaServerService.start(SchemaServerService.java:23)
	at cn.edu.neu.cloudlab.haolap.application.SchemaServer.main(SchemaServer.java:13)
2017-08-22 01:43:43 ERROR Configuration:2525 - Failed to set setXIncludeAware(true) for parser org.apache.xerces.jaxp.DocumentBuilderFactoryImpl@2a17b7b6:java.lang.UnsupportedOperationException:  setXIncludeAware is not supported on this JAXP implementation or earlier: class org.apache.xerces.jaxp.DocumentBuilderFactoryImpl
java.lang.UnsupportedOperationException:  setXIncludeAware is not supported on this JAXP implementation or earlier: class org.apache.xerces.jaxp.DocumentBuilderFactoryImpl
	at javax.xml.parsers.DocumentBuilderFactory.setXIncludeAware(DocumentBuilderFactory.java:584)
	at org.apache.hadoop.conf.Configuration.loadResource(Configuration.java:2523)
	at org.apache.hadoop.conf.Configuration.loadResources(Configuration.java:2492)
	at org.apache.hadoop.conf.Configuration.getProps(Configuration.java:2405)
	at org.apache.hadoop.conf.Configuration.get(Configuration.java:981)
	at org.apache.hadoop.conf.Configuration.getTrimmed(Configuration.java:1031)
	at org.apache.hadoop.conf.Configuration.getBoolean(Configuration.java:1432)
	at org.apache.hadoop.security.SecurityUtil.<clinit>(SecurityUtil.java:72)
	at org.apache.hadoop.ipc.Server.getAuthMethods(Server.java:2265)
	at org.apache.hadoop.ipc.Server.<init>(Server.java:2211)
	at org.apache.hadoop.ipc.RPC$Server.<init>(RPC.java:951)
	at org.apache.hadoop.ipc.WritableRpcEngine$Server.<init>(WritableRpcEngine.java:401)
	at org.apache.hadoop.ipc.WritableRpcEngine.getServer(WritableRpcEngine.java:323)
	at org.apache.hadoop.ipc.RPC$Builder.build(RPC.java:796)
	at cn.edu.neu.cloudlab.haolap.RPC.SchemaServer.start(SchemaServer.java:184)
	at cn.edu.neu.cloudlab.haolap.service.SchemaServerService.start(SchemaServerService.java:23)
	at cn.edu.neu.cloudlab.haolap.application.SchemaServer.main(SchemaServer.java:13)
2017-08-22 01:43:43 ERROR Configuration:2525 - Failed to set setXIncludeAware(true) for parser org.apache.xerces.jaxp.DocumentBuilderFactoryImpl@131276c2:java.lang.UnsupportedOperationException:  setXIncludeAware is not supported on this JAXP implementation or earlier: class org.apache.xerces.jaxp.DocumentBuilderFactoryImpl
java.lang.UnsupportedOperationException:  setXIncludeAware is not supported on this JAXP implementation or earlier: class org.apache.xerces.jaxp.DocumentBuilderFactoryImpl
	at javax.xml.parsers.DocumentBuilderFactory.setXIncludeAware(DocumentBuilderFactory.java:584)
	at org.apache.hadoop.conf.Configuration.loadResource(Configuration.java:2523)
	at org.apache.hadoop.conf.Configuration.loadResources(Configuration.java:2492)
	at org.apache.hadoop.conf.Configuration.getProps(Configuration.java:2405)
	at org.apache.hadoop.conf.Configuration.get(Configuration.java:981)
	at org.apache.hadoop.conf.Configuration.getTrimmed(Configuration.java:1031)
	at org.apache.hadoop.conf.Configuration.getBoolean(Configuration.java:1432)
	at org.apache.hadoop.security.SecurityUtil.<clinit>(SecurityUtil.java:72)
	at org.apache.hadoop.ipc.Server.getAuthMethods(Server.java:2265)
	at org.apache.hadoop.ipc.Server.<init>(Server.java:2211)
	at org.apache.hadoop.ipc.RPC$Server.<init>(RPC.java:951)
	at org.apache.hadoop.ipc.WritableRpcEngine$Server.<init>(WritableRpcEngine.java:401)
	at org.apache.hadoop.ipc.WritableRpcEngine.getServer(WritableRpcEngine.java:323)
	at org.apache.hadoop.ipc.RPC$Builder.build(RPC.java:796)
	at cn.edu.neu.cloudlab.haolap.RPC.SchemaServer.start(SchemaServer.java:184)
	at cn.edu.neu.cloudlab.haolap.service.SchemaServerService.start(SchemaServerService.java:23)
	at cn.edu.neu.cloudlab.haolap.application.SchemaServer.main(SchemaServer.java:13)
2017-08-22 01:43:43 ERROR Configuration:2525 - Failed to set setXIncludeAware(true) for parser org.apache.xerces.jaxp.DocumentBuilderFactoryImpl@4e7dc304:java.lang.UnsupportedOperationException:  setXIncludeAware is not supported on this JAXP implementation or earlier: class org.apache.xerces.jaxp.DocumentBuilderFactoryImpl
java.lang.UnsupportedOperationException:  setXIncludeAware is not supported on this JAXP implementation or earlier: class org.apache.xerces.jaxp.DocumentBuilderFactoryImpl
	at javax.xml.parsers.DocumentBuilderFactory.setXIncludeAware(DocumentBuilderFactory.java:584)
	at org.apache.hadoop.conf.Configuration.loadResource(Configuration.java:2523)
	at org.apache.hadoop.conf.Configuration.loadResources(Configuration.java:2492)
	at org.apache.hadoop.conf.Configuration.getProps(Configuration.java:2405)
	at org.apache.hadoop.conf.Configuration.get(Configuration.java:981)
	at org.apache.hadoop.conf.Configuration.getTrimmed(Configuration.java:1031)
	at org.apache.hadoop.conf.Configuration.getBoolean(Configuration.java:1432)
	at org.apache.hadoop.security.SecurityUtil.<clinit>(SecurityUtil.java:72)
	at org.apache.hadoop.ipc.Server.getAuthMethods(Server.java:2265)
	at org.apache.hadoop.ipc.Server.<init>(Server.java:2211)
	at org.apache.hadoop.ipc.RPC$Server.<init>(RPC.java:951)
	at org.apache.hadoop.ipc.WritableRpcEngine$Server.<init>(WritableRpcEngine.java:401)
	at org.apache.hadoop.ipc.WritableRpcEngine.getServer(WritableRpcEngine.java:323)
	at org.apache.hadoop.ipc.RPC$Builder.build(RPC.java:796)
	at cn.edu.neu.cloudlab.haolap.RPC.SchemaServer.start(SchemaServer.java:184)
	at cn.edu.neu.cloudlab.haolap.service.SchemaServerService.start(SchemaServerService.java:23)
	at cn.edu.neu.cloudlab.haolap.application.SchemaServer.main(SchemaServer.java:13)
2017-08-22 01:43:43 ERROR Configuration:2525 - Failed to set setXIncludeAware(true) for parser org.apache.xerces.jaxp.DocumentBuilderFactoryImpl@396f6598:java.lang.UnsupportedOperationException:  setXIncludeAware is not supported on this JAXP implementation or earlier: class org.apache.xerces.jaxp.DocumentBuilderFactoryImpl
java.lang.UnsupportedOperationException:  setXIncludeAware is not supported on this JAXP implementation or earlier: class org.apache.xerces.jaxp.DocumentBuilderFactoryImpl
	at javax.xml.parsers.DocumentBuilderFactory.setXIncludeAware(DocumentBuilderFactory.java:584)
	at org.apache.hadoop.conf.Configuration.loadResource(Configuration.java:2523)
	at org.apache.hadoop.conf.Configuration.loadResources(Configuration.java:2492)
	at org.apache.hadoop.conf.Configuration.getProps(Configuration.java:2405)
	at org.apache.hadoop.conf.Configuration.get(Configuration.java:981)
	at org.apache.hadoop.conf.Configuration.getTrimmed(Configuration.java:1031)
	at org.apache.hadoop.conf.Configuration.getBoolean(Configuration.java:1432)
	at org.apache.hadoop.security.SecurityUtil.<clinit>(SecurityUtil.java:72)
	at org.apache.hadoop.ipc.Server.getAuthMethods(Server.java:2265)
	at org.apache.hadoop.ipc.Server.<init>(Server.java:2211)
	at org.apache.hadoop.ipc.RPC$Server.<init>(RPC.java:951)
	at org.apache.hadoop.ipc.WritableRpcEngine$Server.<init>(WritableRpcEngine.java:401)
	at org.apache.hadoop.ipc.WritableRpcEngine.getServer(WritableRpcEngine.java:323)
	at org.apache.hadoop.ipc.RPC$Builder.build(RPC.java:796)
	at cn.edu.neu.cloudlab.haolap.RPC.SchemaServer.start(SchemaServer.java:184)
	at cn.edu.neu.cloudlab.haolap.service.SchemaServerService.start(SchemaServerService.java:23)
	at cn.edu.neu.cloudlab.haolap.application.SchemaServer.main(SchemaServer.java:13)
2017-08-22 01:43:43 ERROR Configuration:2525 - Failed to set setXIncludeAware(true) for parser org.apache.xerces.jaxp.DocumentBuilderFactoryImpl@53f65459:java.lang.UnsupportedOperationException:  setXIncludeAware is not supported on this JAXP implementation or earlier: class org.apache.xerces.jaxp.DocumentBuilderFactoryImpl
java.lang.UnsupportedOperationException:  setXIncludeAware is not supported on this JAXP implementation or earlier: class org.apache.xerces.jaxp.DocumentBuilderFactoryImpl
	at javax.xml.parsers.DocumentBuilderFactory.setXIncludeAware(DocumentBuilderFactory.java:584)
	at org.apache.hadoop.conf.Configuration.loadResource(Configuration.java:2523)
	at org.apache.hadoop.conf.Configuration.loadResources(Configuration.java:2492)
	at org.apache.hadoop.conf.Configuration.getProps(Configuration.java:2405)
	at org.apache.hadoop.conf.Configuration.get(Configuration.java:981)
	at org.apache.hadoop.conf.Configuration.getTrimmed(Configuration.java:1031)
	at org.apache.hadoop.conf.Configuration.getBoolean(Configuration.java:1432)
	at org.apache.hadoop.security.SecurityUtil.<clinit>(SecurityUtil.java:72)
	at org.apache.hadoop.ipc.Server.getAuthMethods(Server.java:2265)
	at org.apache.hadoop.ipc.Server.<init>(Server.java:2211)
	at org.apache.hadoop.ipc.RPC$Server.<init>(RPC.java:951)
	at org.apache.hadoop.ipc.WritableRpcEngine$Server.<init>(WritableRpcEngine.java:401)
	at org.apache.hadoop.ipc.WritableRpcEngine.getServer(WritableRpcEngine.java:323)
	at org.apache.hadoop.ipc.RPC$Builder.build(RPC.java:796)
	at cn.edu.neu.cloudlab.haolap.RPC.SchemaServer.start(SchemaServer.java:184)
	at cn.edu.neu.cloudlab.haolap.service.SchemaServerService.start(SchemaServerService.java:23)
	at cn.edu.neu.cloudlab.haolap.application.SchemaServer.main(SchemaServer.java:13)
2017-08-22 01:43:43 ERROR Configuration:2525 - Failed to set setXIncludeAware(true) for parser org.apache.xerces.jaxp.DocumentBuilderFactoryImpl@4d41cee:java.lang.UnsupportedOperationException:  setXIncludeAware is not supported on this JAXP implementation or earlier: class org.apache.xerces.jaxp.DocumentBuilderFactoryImpl
java.lang.UnsupportedOperationException:  setXIncludeAware is not supported on this JAXP implementation or earlier: class org.apache.xerces.jaxp.DocumentBuilderFactoryImpl
	at javax.xml.parsers.DocumentBuilderFactory.setXIncludeAware(DocumentBuilderFactory.java:584)
	at org.apache.hadoop.conf.Configuration.loadResource(Configuration.java:2523)
	at org.apache.hadoop.conf.Configuration.loadResources(Configuration.java:2492)
	at org.apache.hadoop.conf.Configuration.getProps(Configuration.java:2405)
	at org.apache.hadoop.conf.Configuration.get(Configuration.java:981)
	at org.apache.hadoop.conf.Configuration.getTrimmed(Configuration.java:1031)
	at org.apache.hadoop.conf.Configuration.getBoolean(Configuration.java:1432)
	at org.apache.hadoop.security.SecurityUtil.<clinit>(SecurityUtil.java:72)
	at org.apache.hadoop.ipc.Server.getAuthMethods(Server.java:2265)
	at org.apache.hadoop.ipc.Server.<init>(Server.java:2211)
	at org.apache.hadoop.ipc.RPC$Server.<init>(RPC.java:951)
	at org.apache.hadoop.ipc.WritableRpcEngine$Server.<init>(WritableRpcEngine.java:401)
	at org.apache.hadoop.ipc.WritableRpcEngine.getServer(WritableRpcEngine.java:323)
	at org.apache.hadoop.ipc.RPC$Builder.build(RPC.java:796)
	at cn.edu.neu.cloudlab.haolap.RPC.SchemaServer.start(SchemaServer.java:184)
	at cn.edu.neu.cloudlab.haolap.service.SchemaServerService.start(SchemaServerService.java:23)
	at cn.edu.neu.cloudlab.haolap.application.SchemaServer.main(SchemaServer.java:13)
2017-08-22 01:43:43 INFO  Server:606 - Starting Socket Reader #1 for port 9510
2017-08-22 01:43:43 ERROR Configuration:2525 - Failed to set setXIncludeAware(true) for parser org.apache.xerces.jaxp.DocumentBuilderFactoryImpl@c8e4bb0:java.lang.UnsupportedOperationException:  setXIncludeAware is not supported on this JAXP implementation or earlier: class org.apache.xerces.jaxp.DocumentBuilderFactoryImpl
java.lang.UnsupportedOperationException:  setXIncludeAware is not supported on this JAXP implementation or earlier: class org.apache.xerces.jaxp.DocumentBuilderFactoryImpl
	at javax.xml.parsers.DocumentBuilderFactory.setXIncludeAware(DocumentBuilderFactory.java:584)
	at org.apache.hadoop.conf.Configuration.loadResource(Configuration.java:2523)
	at org.apache.hadoop.conf.Configuration.loadResources(Configuration.java:2492)
	at org.apache.hadoop.conf.Configuration.getProps(Configuration.java:2405)
	at org.apache.hadoop.conf.Configuration.get(Configuration.java:1232)
	at org.apache.hadoop.security.SecurityUtil.getAuthenticationMethod(SecurityUtil.java:608)
	at org.apache.hadoop.security.UserGroupInformation.initialize(UserGroupInformation.java:273)
	at org.apache.hadoop.security.UserGroupInformation.ensureInitialized(UserGroupInformation.java:261)
	at org.apache.hadoop.security.UserGroupInformation.isAuthenticationMethodEnabled(UserGroupInformation.java:338)
	at org.apache.hadoop.security.UserGroupInformation.isSecurityEnabled(UserGroupInformation.java:332)
	at org.apache.hadoop.ipc.Server.<init>(Server.java:2227)
	at org.apache.hadoop.ipc.RPC$Server.<init>(RPC.java:951)
	at org.apache.hadoop.ipc.WritableRpcEngine$Server.<init>(WritableRpcEngine.java:401)
	at org.apache.hadoop.ipc.WritableRpcEngine.getServer(WritableRpcEngine.java:323)
	at org.apache.hadoop.ipc.RPC$Builder.build(RPC.java:796)
	at cn.edu.neu.cloudlab.haolap.RPC.SchemaServer.start(SchemaServer.java:184)
	at cn.edu.neu.cloudlab.haolap.service.SchemaServerService.start(SchemaServerService.java:23)
	at cn.edu.neu.cloudlab.haolap.application.SchemaServer.main(SchemaServer.java:13)
2017-08-22 01:43:43 ERROR Configuration:2525 - Failed to set setXIncludeAware(true) for parser org.apache.xerces.jaxp.DocumentBuilderFactoryImpl@1a052a00:java.lang.UnsupportedOperationException:  setXIncludeAware is not supported on this JAXP implementation or earlier: class org.apache.xerces.jaxp.DocumentBuilderFactoryImpl
java.lang.UnsupportedOperationException:  setXIncludeAware is not supported on this JAXP implementation or earlier: class org.apache.xerces.jaxp.DocumentBuilderFactoryImpl
	at javax.xml.parsers.DocumentBuilderFactory.setXIncludeAware(DocumentBuilderFactory.java:584)
	at org.apache.hadoop.conf.Configuration.loadResource(Configuration.java:2523)
	at org.apache.hadoop.conf.Configuration.loadResources(Configuration.java:2492)
	at org.apache.hadoop.conf.Configuration.getProps(Configuration.java:2405)
	at org.apache.hadoop.conf.Configuration.get(Configuration.java:1232)
	at org.apache.hadoop.security.SecurityUtil.getAuthenticationMethod(SecurityUtil.java:608)
	at org.apache.hadoop.security.UserGroupInformation.initialize(UserGroupInformation.java:273)
	at org.apache.hadoop.security.UserGroupInformation.ensureInitialized(UserGroupInformation.java:261)
	at org.apache.hadoop.security.UserGroupInformation.isAuthenticationMethodEnabled(UserGroupInformation.java:338)
	at org.apache.hadoop.security.UserGroupInformation.isSecurityEnabled(UserGroupInformation.java:332)
	at org.apache.hadoop.ipc.Server.<init>(Server.java:2227)
	at org.apache.hadoop.ipc.RPC$Server.<init>(RPC.java:951)
	at org.apache.hadoop.ipc.WritableRpcEngine$Server.<init>(WritableRpcEngine.java:401)
	at org.apache.hadoop.ipc.WritableRpcEngine.getServer(WritableRpcEngine.java:323)
	at org.apache.hadoop.ipc.RPC$Builder.build(RPC.java:796)
	at cn.edu.neu.cloudlab.haolap.RPC.SchemaServer.start(SchemaServer.java:184)
	at cn.edu.neu.cloudlab.haolap.service.SchemaServerService.start(SchemaServerService.java:23)
	at cn.edu.neu.cloudlab.haolap.application.SchemaServer.main(SchemaServer.java:13)
2017-08-22 01:43:43 ERROR Configuration:2525 - Failed to set setXIncludeAware(true) for parser org.apache.xerces.jaxp.DocumentBuilderFactoryImpl@7f77e91b:java.lang.UnsupportedOperationException:  setXIncludeAware is not supported on this JAXP implementation or earlier: class org.apache.xerces.jaxp.DocumentBuilderFactoryImpl
java.lang.UnsupportedOperationException:  setXIncludeAware is not supported on this JAXP implementation or earlier: class org.apache.xerces.jaxp.DocumentBuilderFactoryImpl
	at javax.xml.parsers.DocumentBuilderFactory.setXIncludeAware(DocumentBuilderFactory.java:584)
	at org.apache.hadoop.conf.Configuration.loadResource(Configuration.java:2523)
	at org.apache.hadoop.conf.Configuration.loadResources(Configuration.java:2492)
	at org.apache.hadoop.conf.Configuration.getProps(Configuration.java:2405)
	at org.apache.hadoop.conf.Configuration.get(Configuration.java:1232)
	at org.apache.hadoop.security.SecurityUtil.getAuthenticationMethod(SecurityUtil.java:608)
	at org.apache.hadoop.security.UserGroupInformation.initialize(UserGroupInformation.java:273)
	at org.apache.hadoop.security.UserGroupInformation.ensureInitialized(UserGroupInformation.java:261)
	at org.apache.hadoop.security.UserGroupInformation.isAuthenticationMethodEnabled(UserGroupInformation.java:338)
	at org.apache.hadoop.security.UserGroupInformation.isSecurityEnabled(UserGroupInformation.java:332)
	at org.apache.hadoop.ipc.Server.<init>(Server.java:2227)
	at org.apache.hadoop.ipc.RPC$Server.<init>(RPC.java:951)
	at org.apache.hadoop.ipc.WritableRpcEngine$Server.<init>(WritableRpcEngine.java:401)
	at org.apache.hadoop.ipc.WritableRpcEngine.getServer(WritableRpcEngine.java:323)
	at org.apache.hadoop.ipc.RPC$Builder.build(RPC.java:796)
	at cn.edu.neu.cloudlab.haolap.RPC.SchemaServer.start(SchemaServer.java:184)
	at cn.edu.neu.cloudlab.haolap.service.SchemaServerService.start(SchemaServerService.java:23)
	at cn.edu.neu.cloudlab.haolap.application.SchemaServer.main(SchemaServer.java:13)
2017-08-22 01:43:43 ERROR Configuration:2525 - Failed to set setXIncludeAware(true) for parser org.apache.xerces.jaxp.DocumentBuilderFactoryImpl@2d2e5f00:java.lang.UnsupportedOperationException:  setXIncludeAware is not supported on this JAXP implementation or earlier: class org.apache.xerces.jaxp.DocumentBuilderFactoryImpl
java.lang.UnsupportedOperationException:  setXIncludeAware is not supported on this JAXP implementation or earlier: class org.apache.xerces.jaxp.DocumentBuilderFactoryImpl
	at javax.xml.parsers.DocumentBuilderFactory.setXIncludeAware(DocumentBuilderFactory.java:584)
	at org.apache.hadoop.conf.Configuration.loadResource(Configuration.java:2523)
	at org.apache.hadoop.conf.Configuration.loadResources(Configuration.java:2492)
	at org.apache.hadoop.conf.Configuration.getProps(Configuration.java:2405)
	at org.apache.hadoop.conf.Configuration.get(Configuration.java:1232)
	at org.apache.hadoop.security.SecurityUtil.getAuthenticationMethod(SecurityUtil.java:608)
	at org.apache.hadoop.security.UserGroupInformation.initialize(UserGroupInformation.java:273)
	at org.apache.hadoop.security.UserGroupInformation.ensureInitialized(UserGroupInformation.java:261)
	at org.apache.hadoop.security.UserGroupInformation.isAuthenticationMethodEnabled(UserGroupInformation.java:338)
	at org.apache.hadoop.security.UserGroupInformation.isSecurityEnabled(UserGroupInformation.java:332)
	at org.apache.hadoop.ipc.Server.<init>(Server.java:2227)
	at org.apache.hadoop.ipc.RPC$Server.<init>(RPC.java:951)
	at org.apache.hadoop.ipc.WritableRpcEngine$Server.<init>(WritableRpcEngine.java:401)
	at org.apache.hadoop.ipc.WritableRpcEngine.getServer(WritableRpcEngine.java:323)
	at org.apache.hadoop.ipc.RPC$Builder.build(RPC.java:796)
	at cn.edu.neu.cloudlab.haolap.RPC.SchemaServer.start(SchemaServer.java:184)
	at cn.edu.neu.cloudlab.haolap.service.SchemaServerService.start(SchemaServerService.java:23)
	at cn.edu.neu.cloudlab.haolap.application.SchemaServer.main(SchemaServer.java:13)
2017-08-22 01:43:43 ERROR Configuration:2525 - Failed to set setXIncludeAware(true) for parser org.apache.xerces.jaxp.DocumentBuilderFactoryImpl@667a738:java.lang.UnsupportedOperationException:  setXIncludeAware is not supported on this JAXP implementation or earlier: class org.apache.xerces.jaxp.DocumentBuilderFactoryImpl
java.lang.UnsupportedOperationException:  setXIncludeAware is not supported on this JAXP implementation or earlier: class org.apache.xerces.jaxp.DocumentBuilderFactoryImpl
	at javax.xml.parsers.DocumentBuilderFactory.setXIncludeAware(DocumentBuilderFactory.java:584)
	at org.apache.hadoop.conf.Configuration.loadResource(Configuration.java:2523)
	at org.apache.hadoop.conf.Configuration.loadResources(Configuration.java:2492)
	at org.apache.hadoop.conf.Configuration.getProps(Configuration.java:2405)
	at org.apache.hadoop.conf.Configuration.get(Configuration.java:1232)
	at org.apache.hadoop.security.SecurityUtil.getAuthenticationMethod(SecurityUtil.java:608)
	at org.apache.hadoop.security.UserGroupInformation.initialize(UserGroupInformation.java:273)
	at org.apache.hadoop.security.UserGroupInformation.ensureInitialized(UserGroupInformation.java:261)
	at org.apache.hadoop.security.UserGroupInformation.isAuthenticationMethodEnabled(UserGroupInformation.java:338)
	at org.apache.hadoop.security.UserGroupInformation.isSecurityEnabled(UserGroupInformation.java:332)
	at org.apache.hadoop.ipc.Server.<init>(Server.java:2227)
	at org.apache.hadoop.ipc.RPC$Server.<init>(RPC.java:951)
	at org.apache.hadoop.ipc.WritableRpcEngine$Server.<init>(WritableRpcEngine.java:401)
	at org.apache.hadoop.ipc.WritableRpcEngine.getServer(WritableRpcEngine.java:323)
	at org.apache.hadoop.ipc.RPC$Builder.build(RPC.java:796)
	at cn.edu.neu.cloudlab.haolap.RPC.SchemaServer.start(SchemaServer.java:184)
	at cn.edu.neu.cloudlab.haolap.service.SchemaServerService.start(SchemaServerService.java:23)
	at cn.edu.neu.cloudlab.haolap.application.SchemaServer.main(SchemaServer.java:13)
2017-08-22 01:43:44 ERROR Configuration:2525 - Failed to set setXIncludeAware(true) for parser org.apache.xerces.jaxp.DocumentBuilderFactoryImpl@2ed0fbae:java.lang.UnsupportedOperationException:  setXIncludeAware is not supported on this JAXP implementation or earlier: class org.apache.xerces.jaxp.DocumentBuilderFactoryImpl
java.lang.UnsupportedOperationException:  setXIncludeAware is not supported on this JAXP implementation or earlier: class org.apache.xerces.jaxp.DocumentBuilderFactoryImpl
	at javax.xml.parsers.DocumentBuilderFactory.setXIncludeAware(DocumentBuilderFactory.java:584)
	at org.apache.hadoop.conf.Configuration.loadResource(Configuration.java:2523)
	at org.apache.hadoop.conf.Configuration.loadResources(Configuration.java:2492)
	at org.apache.hadoop.conf.Configuration.getProps(Configuration.java:2405)
	at org.apache.hadoop.conf.Configuration.get(Configuration.java:1232)
	at org.apache.hadoop.security.SecurityUtil.getAuthenticationMethod(SecurityUtil.java:608)
	at org.apache.hadoop.security.UserGroupInformation.initialize(UserGroupInformation.java:273)
	at org.apache.hadoop.security.UserGroupInformation.ensureInitialized(UserGroupInformation.java:261)
	at org.apache.hadoop.security.UserGroupInformation.isAuthenticationMethodEnabled(UserGroupInformation.java:338)
	at org.apache.hadoop.security.UserGroupInformation.isSecurityEnabled(UserGroupInformation.java:332)
	at org.apache.hadoop.ipc.Server.<init>(Server.java:2227)
	at org.apache.hadoop.ipc.RPC$Server.<init>(RPC.java:951)
	at org.apache.hadoop.ipc.WritableRpcEngine$Server.<init>(WritableRpcEngine.java:401)
	at org.apache.hadoop.ipc.WritableRpcEngine.getServer(WritableRpcEngine.java:323)
	at org.apache.hadoop.ipc.RPC$Builder.build(RPC.java:796)
	at cn.edu.neu.cloudlab.haolap.RPC.SchemaServer.start(SchemaServer.java:184)
	at cn.edu.neu.cloudlab.haolap.service.SchemaServerService.start(SchemaServerService.java:23)
	at cn.edu.neu.cloudlab.haolap.application.SchemaServer.main(SchemaServer.java:13)
2017-08-22 01:43:44 INFO  Server:676 - IPC Server listener on 9510: starting
2017-08-22 01:43:44 INFO  Server:836 - IPC Server Responder: starting
9510
9510
9510
