9510
numberOfElements: 47616000
numberOfPages:168
dimensionLength [372, 256, 500]
pageLengths:[62, 64, 72]
numberOfPageSegmentsInDimension:[6, 4, 7]
Page:	0	start:	[0, 0, 0]	end:	[61, 63, 71]
HAOLAP-Test-Case/Test_47616000_72_SEG_MAVEN/CubeElement/baseCube/0 written.
HAOLAP-Test-Case/Test_47616000_72_SEG_MAVEN/CubeElement/Blocks/0/0_0_0_61_63_71.blc written.
Page:	1	start:	[0, 0, 72]	end:	[61, 63, 143]
HAOLAP-Test-Case/Test_47616000_72_SEG_MAVEN/CubeElement/baseCube/1 written.
HAOLAP-Test-Case/Test_47616000_72_SEG_MAVEN/CubeElement/Blocks/1/0_0_72_61_63_143.blc written.
Page:	2	start:	[0, 0, 144]	end:	[61, 63, 215]
HAOLAP-Test-Case/Test_47616000_72_SEG_MAVEN/CubeElement/baseCube/2 written.
HAOLAP-Test-Case/Test_47616000_72_SEG_MAVEN/CubeElement/Blocks/2/0_0_144_61_63_215.blc written.
Page:	3	start:	[0, 0, 216]	end:	[61, 63, 287]
HAOLAP-Test-Case/Test_47616000_72_SEG_MAVEN/CubeElement/baseCube/3 written.
HAOLAP-Test-Case/Test_47616000_72_SEG_MAVEN/CubeElement/Blocks/3/0_0_216_61_63_287.blc written.
Page:	4	start:	[0, 0, 288]	end:	[61, 63, 359]
HAOLAP-Test-Case/Test_47616000_72_SEG_MAVEN/CubeElement/baseCube/4 written.
HAOLAP-Test-Case/Test_47616000_72_SEG_MAVEN/CubeElement/Blocks/4/0_0_288_61_63_359.blc written.
Page:	5	start:	[0, 0, 360]	end:	[61, 63, 431]
HAOLAP-Test-Case/Test_47616000_72_SEG_MAVEN/CubeElement/baseCube/5 written.
HAOLAP-Test-Case/Test_47616000_72_SEG_MAVEN/CubeElement/Blocks/5/0_0_360_61_63_431.blc written.
Page:	6	start:	[0, 0, 432]	end:	[61, 63, 503]
HAOLAP-Test-Case/Test_47616000_72_SEG_MAVEN/CubeElement/baseCube/6 written.
HAOLAP-Test-Case/Test_47616000_72_SEG_MAVEN/CubeElement/Blocks/6/0_0_432_61_63_503.blc written.
Page:	7	start:	[0, 64, 0]	end:	[61, 127, 71]
HAOLAP-Test-Case/Test_47616000_72_SEG_MAVEN/CubeElement/baseCube/7 written.
HAOLAP-Test-Case/Test_47616000_72_SEG_MAVEN/CubeElement/Blocks/7/0_64_0_61_127_71.blc written.
Page:	8	start:	[0, 64, 72]	end:	[61, 127, 143]
HAOLAP-Test-Case/Test_47616000_72_SEG_MAVEN/CubeElement/baseCube/8 written.
HAOLAP-Test-Case/Test_47616000_72_SEG_MAVEN/CubeElement/Blocks/8/0_64_72_61_127_143.blc written.
Page:	9	start:	[0, 64, 144]	end:	[61, 127, 215]
HAOLAP-Test-Case/Test_47616000_72_SEG_MAVEN/CubeElement/baseCube/9 written.
HAOLAP-Test-Case/Test_47616000_72_SEG_MAVEN/CubeElement/Blocks/9/0_64_144_61_127_215.blc written.
Page:	10	start:	[0, 64, 216]	end:	[61, 127, 287]
HAOLAP-Test-Case/Test_47616000_72_SEG_MAVEN/CubeElement/baseCube/10 written.
HAOLAP-Test-Case/Test_47616000_72_SEG_MAVEN/CubeElement/Blocks/10/0_64_216_61_127_287.blc written.
Page:	11	start:	[0, 64, 288]	end:	[61, 127, 359]
HAOLAP-Test-Case/Test_47616000_72_SEG_MAVEN/CubeElement/baseCube/11 written.
HAOLAP-Test-Case/Test_47616000_72_SEG_MAVEN/CubeElement/Blocks/11/0_64_288_61_127_359.blc written.
Page:	12	start:	[0, 64, 360]	end:	[61, 127, 431]
HAOLAP-Test-Case/Test_47616000_72_SEG_MAVEN/CubeElement/baseCube/12 written.
HAOLAP-Test-Case/Test_47616000_72_SEG_MAVEN/CubeElement/Blocks/12/0_64_360_61_127_431.blc written.
Page:	13	start:	[0, 64, 432]	end:	[61, 127, 503]
HAOLAP-Test-Case/Test_47616000_72_SEG_MAVEN/CubeElement/baseCube/13 written.
HAOLAP-Test-Case/Test_47616000_72_SEG_MAVEN/CubeElement/Blocks/13/0_64_432_61_127_503.blc written.
Page:	14	start:	[0, 128, 0]	end:	[61, 191, 71]
HAOLAP-Test-Case/Test_47616000_72_SEG_MAVEN/CubeElement/baseCube/14 written.
HAOLAP-Test-Case/Test_47616000_72_SEG_MAVEN/CubeElement/Blocks/14/0_128_0_61_191_71.blc written.
Page:	15	start:	[0, 128, 72]	end:	[61, 191, 143]
HAOLAP-Test-Case/Test_47616000_72_SEG_MAVEN/CubeElement/baseCube/15 written.
HAOLAP-Test-Case/Test_47616000_72_SEG_MAVEN/CubeElement/Blocks/15/0_128_72_61_191_143.blc written.
Page:	16	start:	[0, 128, 144]	end:	[61, 191, 215]
HAOLAP-Test-Case/Test_47616000_72_SEG_MAVEN/CubeElement/baseCube/16 written.
HAOLAP-Test-Case/Test_47616000_72_SEG_MAVEN/CubeElement/Blocks/16/0_128_144_61_191_215.blc written.
Page:	17	start:	[0, 128, 216]	end:	[61, 191, 287]
HAOLAP-Test-Case/Test_47616000_72_SEG_MAVEN/CubeElement/baseCube/17 written.
HAOLAP-Test-Case/Test_47616000_72_SEG_MAVEN/CubeElement/Blocks/17/0_128_216_61_191_287.blc written.
Page:	18	start:	[0, 128, 288]	end:	[61, 191, 359]
HAOLAP-Test-Case/Test_47616000_72_SEG_MAVEN/CubeElement/baseCube/18 written.
HAOLAP-Test-Case/Test_47616000_72_SEG_MAVEN/CubeElement/Blocks/18/0_128_288_61_191_359.blc written.
Page:	19	start:	[0, 128, 360]	end:	[61, 191, 431]
HAOLAP-Test-Case/Test_47616000_72_SEG_MAVEN/CubeElement/baseCube/19 written.
HAOLAP-Test-Case/Test_47616000_72_SEG_MAVEN/CubeElement/Blocks/19/0_128_360_61_191_431.blc written.
Page:	20	start:	[0, 128, 432]	end:	[61, 191, 503]
HAOLAP-Test-Case/Test_47616000_72_SEG_MAVEN/CubeElement/baseCube/20 written.
HAOLAP-Test-Case/Test_47616000_72_SEG_MAVEN/CubeElement/Blocks/20/0_128_432_61_191_503.blc written.
Page:	21	start:	[0, 192, 0]	end:	[61, 255, 71]
HAOLAP-Test-Case/Test_47616000_72_SEG_MAVEN/CubeElement/baseCube/21 written.
HAOLAP-Test-Case/Test_47616000_72_SEG_MAVEN/CubeElement/Blocks/21/0_192_0_61_255_71.blc written.
Page:	22	start:	[0, 192, 72]	end:	[61, 255, 143]
HAOLAP-Test-Case/Test_47616000_72_SEG_MAVEN/CubeElement/baseCube/22 written.
HAOLAP-Test-Case/Test_47616000_72_SEG_MAVEN/CubeElement/Blocks/22/0_192_72_61_255_143.blc written.
Page:	23	start:	[0, 192, 144]	end:	[61, 255, 215]
HAOLAP-Test-Case/Test_47616000_72_SEG_MAVEN/CubeElement/baseCube/23 written.
HAOLAP-Test-Case/Test_47616000_72_SEG_MAVEN/CubeElement/Blocks/23/0_192_144_61_255_215.blc written.
Page:	24	start:	[0, 192, 216]	end:	[61, 255, 287]
HAOLAP-Test-Case/Test_47616000_72_SEG_MAVEN/CubeElement/baseCube/24 written.
HAOLAP-Test-Case/Test_47616000_72_SEG_MAVEN/CubeElement/Blocks/24/0_192_216_61_255_287.blc written.
Page:	25	start:	[0, 192, 288]	end:	[61, 255, 359]
HAOLAP-Test-Case/Test_47616000_72_SEG_MAVEN/CubeElement/baseCube/25 written.
HAOLAP-Test-Case/Test_47616000_72_SEG_MAVEN/CubeElement/Blocks/25/0_192_288_61_255_359.blc written.
Page:	26	start:	[0, 192, 360]	end:	[61, 255, 431]
HAOLAP-Test-Case/Test_47616000_72_SEG_MAVEN/CubeElement/baseCube/26 written.
HAOLAP-Test-Case/Test_47616000_72_SEG_MAVEN/CubeElement/Blocks/26/0_192_360_61_255_431.blc written.
Page:	27	start:	[0, 192, 432]	end:	[61, 255, 503]
HAOLAP-Test-Case/Test_47616000_72_SEG_MAVEN/CubeElement/baseCube/27 written.
HAOLAP-Test-Case/Test_47616000_72_SEG_MAVEN/CubeElement/Blocks/27/0_192_432_61_255_503.blc written.
Page:	28	start:	[62, 0, 0]	end:	[123, 63, 71]
HAOLAP-Test-Case/Test_47616000_72_SEG_MAVEN/CubeElement/baseCube/28 written.
HAOLAP-Test-Case/Test_47616000_72_SEG_MAVEN/CubeElement/Blocks/28/62_0_0_123_63_71.blc written.
Page:	29	start:	[62, 0, 72]	end:	[123, 63, 143]
HAOLAP-Test-Case/Test_47616000_72_SEG_MAVEN/CubeElement/baseCube/29 written.
HAOLAP-Test-Case/Test_47616000_72_SEG_MAVEN/CubeElement/Blocks/29/62_0_72_123_63_143.blc written.
Page:	30	start:	[62, 0, 144]	end:	[123, 63, 215]
HAOLAP-Test-Case/Test_47616000_72_SEG_MAVEN/CubeElement/baseCube/30 written.
HAOLAP-Test-Case/Test_47616000_72_SEG_MAVEN/CubeElement/Blocks/30/62_0_144_123_63_215.blc written.
Page:	31	start:	[62, 0, 216]	end:	[123, 63, 287]
HAOLAP-Test-Case/Test_47616000_72_SEG_MAVEN/CubeElement/baseCube/31 written.
HAOLAP-Test-Case/Test_47616000_72_SEG_MAVEN/CubeElement/Blocks/31/62_0_216_123_63_287.blc written.
Page:	32	start:	[62, 0, 288]	end:	[123, 63, 359]
HAOLAP-Test-Case/Test_47616000_72_SEG_MAVEN/CubeElement/baseCube/32 written.
HAOLAP-Test-Case/Test_47616000_72_SEG_MAVEN/CubeElement/Blocks/32/62_0_288_123_63_359.blc written.
Page:	33	start:	[62, 0, 360]	end:	[123, 63, 431]
HAOLAP-Test-Case/Test_47616000_72_SEG_MAVEN/CubeElement/baseCube/33 written.
HAOLAP-Test-Case/Test_47616000_72_SEG_MAVEN/CubeElement/Blocks/33/62_0_360_123_63_431.blc written.
Page:	34	start:	[62, 0, 432]	end:	[123, 63, 503]
HAOLAP-Test-Case/Test_47616000_72_SEG_MAVEN/CubeElement/baseCube/34 written.
HAOLAP-Test-Case/Test_47616000_72_SEG_MAVEN/CubeElement/Blocks/34/62_0_432_123_63_503.blc written.
Page:	35	start:	[62, 64, 0]	end:	[123, 127, 71]
HAOLAP-Test-Case/Test_47616000_72_SEG_MAVEN/CubeElement/baseCube/35 written.
HAOLAP-Test-Case/Test_47616000_72_SEG_MAVEN/CubeElement/Blocks/35/62_64_0_123_127_71.blc written.
Page:	36	start:	[62, 64, 72]	end:	[123, 127, 143]
HAOLAP-Test-Case/Test_47616000_72_SEG_MAVEN/CubeElement/baseCube/36 written.
HAOLAP-Test-Case/Test_47616000_72_SEG_MAVEN/CubeElement/Blocks/36/62_64_72_123_127_143.blc written.
Page:	37	start:	[62, 64, 144]	end:	[123, 127, 215]
HAOLAP-Test-Case/Test_47616000_72_SEG_MAVEN/CubeElement/baseCube/37 written.
HAOLAP-Test-Case/Test_47616000_72_SEG_MAVEN/CubeElement/Blocks/37/62_64_144_123_127_215.blc written.
Page:	38	start:	[62, 64, 216]	end:	[123, 127, 287]
HAOLAP-Test-Case/Test_47616000_72_SEG_MAVEN/CubeElement/baseCube/38 written.
HAOLAP-Test-Case/Test_47616000_72_SEG_MAVEN/CubeElement/Blocks/38/62_64_216_123_127_287.blc written.
Page:	39	start:	[62, 64, 288]	end:	[123, 127, 359]
HAOLAP-Test-Case/Test_47616000_72_SEG_MAVEN/CubeElement/baseCube/39 written.
HAOLAP-Test-Case/Test_47616000_72_SEG_MAVEN/CubeElement/Blocks/39/62_64_288_123_127_359.blc written.
Page:	40	start:	[62, 64, 360]	end:	[123, 127, 431]
HAOLAP-Test-Case/Test_47616000_72_SEG_MAVEN/CubeElement/baseCube/40 written.
HAOLAP-Test-Case/Test_47616000_72_SEG_MAVEN/CubeElement/Blocks/40/62_64_360_123_127_431.blc written.
Page:	41	start:	[62, 64, 432]	end:	[123, 127, 503]
HAOLAP-Test-Case/Test_47616000_72_SEG_MAVEN/CubeElement/baseCube/41 written.
HAOLAP-Test-Case/Test_47616000_72_SEG_MAVEN/CubeElement/Blocks/41/62_64_432_123_127_503.blc written.
Page:	42	start:	[62, 128, 0]	end:	[123, 191, 71]
HAOLAP-Test-Case/Test_47616000_72_SEG_MAVEN/CubeElement/baseCube/42 written.
HAOLAP-Test-Case/Test_47616000_72_SEG_MAVEN/CubeElement/Blocks/42/62_128_0_123_191_71.blc written.
Page:	43	start:	[62, 128, 72]	end:	[123, 191, 143]
HAOLAP-Test-Case/Test_47616000_72_SEG_MAVEN/CubeElement/baseCube/43 written.
HAOLAP-Test-Case/Test_47616000_72_SEG_MAVEN/CubeElement/Blocks/43/62_128_72_123_191_143.blc written.
Page:	44	start:	[62, 128, 144]	end:	[123, 191, 215]
HAOLAP-Test-Case/Test_47616000_72_SEG_MAVEN/CubeElement/baseCube/44 written.
HAOLAP-Test-Case/Test_47616000_72_SEG_MAVEN/CubeElement/Blocks/44/62_128_144_123_191_215.blc written.
Page:	45	start:	[62, 128, 216]	end:	[123, 191, 287]
HAOLAP-Test-Case/Test_47616000_72_SEG_MAVEN/CubeElement/baseCube/45 written.
HAOLAP-Test-Case/Test_47616000_72_SEG_MAVEN/CubeElement/Blocks/45/62_128_216_123_191_287.blc written.
Page:	46	start:	[62, 128, 288]	end:	[123, 191, 359]
HAOLAP-Test-Case/Test_47616000_72_SEG_MAVEN/CubeElement/baseCube/46 written.
HAOLAP-Test-Case/Test_47616000_72_SEG_MAVEN/CubeElement/Blocks/46/62_128_288_123_191_359.blc written.
Page:	47	start:	[62, 128, 360]	end:	[123, 191, 431]
HAOLAP-Test-Case/Test_47616000_72_SEG_MAVEN/CubeElement/baseCube/47 written.
HAOLAP-Test-Case/Test_47616000_72_SEG_MAVEN/CubeElement/Blocks/47/62_128_360_123_191_431.blc written.
Page:	48	start:	[62, 128, 432]	end:	[123, 191, 503]
HAOLAP-Test-Case/Test_47616000_72_SEG_MAVEN/CubeElement/baseCube/48 written.
HAOLAP-Test-Case/Test_47616000_72_SEG_MAVEN/CubeElement/Blocks/48/62_128_432_123_191_503.blc written.
Page:	49	start:	[62, 192, 0]	end:	[123, 255, 71]
HAOLAP-Test-Case/Test_47616000_72_SEG_MAVEN/CubeElement/baseCube/49 written.
HAOLAP-Test-Case/Test_47616000_72_SEG_MAVEN/CubeElement/Blocks/49/62_192_0_123_255_71.blc written.
Page:	50	start:	[62, 192, 72]	end:	[123, 255, 143]
HAOLAP-Test-Case/Test_47616000_72_SEG_MAVEN/CubeElement/baseCube/50 written.
HAOLAP-Test-Case/Test_47616000_72_SEG_MAVEN/CubeElement/Blocks/50/62_192_72_123_255_143.blc written.
Page:	51	start:	[62, 192, 144]	end:	[123, 255, 215]
HAOLAP-Test-Case/Test_47616000_72_SEG_MAVEN/CubeElement/baseCube/51 written.
HAOLAP-Test-Case/Test_47616000_72_SEG_MAVEN/CubeElement/Blocks/51/62_192_144_123_255_215.blc written.
Page:	52	start:	[62, 192, 216]	end:	[123, 255, 287]
HAOLAP-Test-Case/Test_47616000_72_SEG_MAVEN/CubeElement/baseCube/52 written.
HAOLAP-Test-Case/Test_47616000_72_SEG_MAVEN/CubeElement/Blocks/52/62_192_216_123_255_287.blc written.
Page:	53	start:	[62, 192, 288]	end:	[123, 255, 359]
HAOLAP-Test-Case/Test_47616000_72_SEG_MAVEN/CubeElement/baseCube/53 written.
HAOLAP-Test-Case/Test_47616000_72_SEG_MAVEN/CubeElement/Blocks/53/62_192_288_123_255_359.blc written.
Page:	54	start:	[62, 192, 360]	end:	[123, 255, 431]
HAOLAP-Test-Case/Test_47616000_72_SEG_MAVEN/CubeElement/baseCube/54 written.
HAOLAP-Test-Case/Test_47616000_72_SEG_MAVEN/CubeElement/Blocks/54/62_192_360_123_255_431.blc written.
Page:	55	start:	[62, 192, 432]	end:	[123, 255, 503]
HAOLAP-Test-Case/Test_47616000_72_SEG_MAVEN/CubeElement/baseCube/55 written.
HAOLAP-Test-Case/Test_47616000_72_SEG_MAVEN/CubeElement/Blocks/55/62_192_432_123_255_503.blc written.
Page:	56	start:	[124, 0, 0]	end:	[185, 63, 71]
HAOLAP-Test-Case/Test_47616000_72_SEG_MAVEN/CubeElement/baseCube/56 written.
HAOLAP-Test-Case/Test_47616000_72_SEG_MAVEN/CubeElement/Blocks/56/124_0_0_185_63_71.blc written.
Page:	57	start:	[124, 0, 72]	end:	[185, 63, 143]
HAOLAP-Test-Case/Test_47616000_72_SEG_MAVEN/CubeElement/baseCube/57 written.
HAOLAP-Test-Case/Test_47616000_72_SEG_MAVEN/CubeElement/Blocks/57/124_0_72_185_63_143.blc written.
Page:	58	start:	[124, 0, 144]	end:	[185, 63, 215]
HAOLAP-Test-Case/Test_47616000_72_SEG_MAVEN/CubeElement/baseCube/58 written.
HAOLAP-Test-Case/Test_47616000_72_SEG_MAVEN/CubeElement/Blocks/58/124_0_144_185_63_215.blc written.
Page:	59	start:	[124, 0, 216]	end:	[185, 63, 287]
HAOLAP-Test-Case/Test_47616000_72_SEG_MAVEN/CubeElement/baseCube/59 written.
HAOLAP-Test-Case/Test_47616000_72_SEG_MAVEN/CubeElement/Blocks/59/124_0_216_185_63_287.blc written.
Page:	60	start:	[124, 0, 288]	end:	[185, 63, 359]
HAOLAP-Test-Case/Test_47616000_72_SEG_MAVEN/CubeElement/baseCube/60 written.
HAOLAP-Test-Case/Test_47616000_72_SEG_MAVEN/CubeElement/Blocks/60/124_0_288_185_63_359.blc written.
Page:	61	start:	[124, 0, 360]	end:	[185, 63, 431]
HAOLAP-Test-Case/Test_47616000_72_SEG_MAVEN/CubeElement/baseCube/61 written.
HAOLAP-Test-Case/Test_47616000_72_SEG_MAVEN/CubeElement/Blocks/61/124_0_360_185_63_431.blc written.
Page:	62	start:	[124, 0, 432]	end:	[185, 63, 503]
HAOLAP-Test-Case/Test_47616000_72_SEG_MAVEN/CubeElement/baseCube/62 written.
HAOLAP-Test-Case/Test_47616000_72_SEG_MAVEN/CubeElement/Blocks/62/124_0_432_185_63_503.blc written.
Page:	63	start:	[124, 64, 0]	end:	[185, 127, 71]
HAOLAP-Test-Case/Test_47616000_72_SEG_MAVEN/CubeElement/baseCube/63 written.
HAOLAP-Test-Case/Test_47616000_72_SEG_MAVEN/CubeElement/Blocks/63/124_64_0_185_127_71.blc written.
Page:	64	start:	[124, 64, 72]	end:	[185, 127, 143]
HAOLAP-Test-Case/Test_47616000_72_SEG_MAVEN/CubeElement/baseCube/64 written.
HAOLAP-Test-Case/Test_47616000_72_SEG_MAVEN/CubeElement/Blocks/64/124_64_72_185_127_143.blc written.
Page:	65	start:	[124, 64, 144]	end:	[185, 127, 215]
HAOLAP-Test-Case/Test_47616000_72_SEG_MAVEN/CubeElement/baseCube/65 written.
HAOLAP-Test-Case/Test_47616000_72_SEG_MAVEN/CubeElement/Blocks/65/124_64_144_185_127_215.blc written.
Page:	66	start:	[124, 64, 216]	end:	[185, 127, 287]
HAOLAP-Test-Case/Test_47616000_72_SEG_MAVEN/CubeElement/baseCube/66 written.
HAOLAP-Test-Case/Test_47616000_72_SEG_MAVEN/CubeElement/Blocks/66/124_64_216_185_127_287.blc written.
Page:	67	start:	[124, 64, 288]	end:	[185, 127, 359]
HAOLAP-Test-Case/Test_47616000_72_SEG_MAVEN/CubeElement/baseCube/67 written.
HAOLAP-Test-Case/Test_47616000_72_SEG_MAVEN/CubeElement/Blocks/67/124_64_288_185_127_359.blc written.
Page:	68	start:	[124, 64, 360]	end:	[185, 127, 431]
HAOLAP-Test-Case/Test_47616000_72_SEG_MAVEN/CubeElement/baseCube/68 written.
HAOLAP-Test-Case/Test_47616000_72_SEG_MAVEN/CubeElement/Blocks/68/124_64_360_185_127_431.blc written.
Page:	69	start:	[124, 64, 432]	end:	[185, 127, 503]
HAOLAP-Test-Case/Test_47616000_72_SEG_MAVEN/CubeElement/baseCube/69 written.
HAOLAP-Test-Case/Test_47616000_72_SEG_MAVEN/CubeElement/Blocks/69/124_64_432_185_127_503.blc written.
Page:	70	start:	[124, 128, 0]	end:	[185, 191, 71]
HAOLAP-Test-Case/Test_47616000_72_SEG_MAVEN/CubeElement/baseCube/70 written.
HAOLAP-Test-Case/Test_47616000_72_SEG_MAVEN/CubeElement/Blocks/70/124_128_0_185_191_71.blc written.
Page:	71	start:	[124, 128, 72]	end:	[185, 191, 143]
HAOLAP-Test-Case/Test_47616000_72_SEG_MAVEN/CubeElement/baseCube/71 written.
HAOLAP-Test-Case/Test_47616000_72_SEG_MAVEN/CubeElement/Blocks/71/124_128_72_185_191_143.blc written.
Page:	72	start:	[124, 128, 144]	end:	[185, 191, 215]
HAOLAP-Test-Case/Test_47616000_72_SEG_MAVEN/CubeElement/baseCube/72 written.
HAOLAP-Test-Case/Test_47616000_72_SEG_MAVEN/CubeElement/Blocks/72/124_128_144_185_191_215.blc written.
Page:	73	start:	[124, 128, 216]	end:	[185, 191, 287]
HAOLAP-Test-Case/Test_47616000_72_SEG_MAVEN/CubeElement/baseCube/73 written.
HAOLAP-Test-Case/Test_47616000_72_SEG_MAVEN/CubeElement/Blocks/73/124_128_216_185_191_287.blc written.
Page:	74	start:	[124, 128, 288]	end:	[185, 191, 359]
HAOLAP-Test-Case/Test_47616000_72_SEG_MAVEN/CubeElement/baseCube/74 written.
HAOLAP-Test-Case/Test_47616000_72_SEG_MAVEN/CubeElement/Blocks/74/124_128_288_185_191_359.blc written.
Page:	75	start:	[124, 128, 360]	end:	[185, 191, 431]
HAOLAP-Test-Case/Test_47616000_72_SEG_MAVEN/CubeElement/baseCube/75 written.
HAOLAP-Test-Case/Test_47616000_72_SEG_MAVEN/CubeElement/Blocks/75/124_128_360_185_191_431.blc written.
Page:	76	start:	[124, 128, 432]	end:	[185, 191, 503]
HAOLAP-Test-Case/Test_47616000_72_SEG_MAVEN/CubeElement/baseCube/76 written.
HAOLAP-Test-Case/Test_47616000_72_SEG_MAVEN/CubeElement/Blocks/76/124_128_432_185_191_503.blc written.
Page:	77	start:	[124, 192, 0]	end:	[185, 255, 71]
HAOLAP-Test-Case/Test_47616000_72_SEG_MAVEN/CubeElement/baseCube/77 written.
HAOLAP-Test-Case/Test_47616000_72_SEG_MAVEN/CubeElement/Blocks/77/124_192_0_185_255_71.blc written.
Page:	78	start:	[124, 192, 72]	end:	[185, 255, 143]
HAOLAP-Test-Case/Test_47616000_72_SEG_MAVEN/CubeElement/baseCube/78 written.
HAOLAP-Test-Case/Test_47616000_72_SEG_MAVEN/CubeElement/Blocks/78/124_192_72_185_255_143.blc written.
Page:	79	start:	[124, 192, 144]	end:	[185, 255, 215]
HAOLAP-Test-Case/Test_47616000_72_SEG_MAVEN/CubeElement/baseCube/79 written.
HAOLAP-Test-Case/Test_47616000_72_SEG_MAVEN/CubeElement/Blocks/79/124_192_144_185_255_215.blc written.
Page:	80	start:	[124, 192, 216]	end:	[185, 255, 287]
HAOLAP-Test-Case/Test_47616000_72_SEG_MAVEN/CubeElement/baseCube/80 written.
HAOLAP-Test-Case/Test_47616000_72_SEG_MAVEN/CubeElement/Blocks/80/124_192_216_185_255_287.blc written.
Page:	81	start:	[124, 192, 288]	end:	[185, 255, 359]
HAOLAP-Test-Case/Test_47616000_72_SEG_MAVEN/CubeElement/baseCube/81 written.
HAOLAP-Test-Case/Test_47616000_72_SEG_MAVEN/CubeElement/Blocks/81/124_192_288_185_255_359.blc written.
Page:	82	start:	[124, 192, 360]	end:	[185, 255, 431]
HAOLAP-Test-Case/Test_47616000_72_SEG_MAVEN/CubeElement/baseCube/82 written.
HAOLAP-Test-Case/Test_47616000_72_SEG_MAVEN/CubeElement/Blocks/82/124_192_360_185_255_431.blc written.
Page:	83	start:	[124, 192, 432]	end:	[185, 255, 503]
HAOLAP-Test-Case/Test_47616000_72_SEG_MAVEN/CubeElement/baseCube/83 written.
HAOLAP-Test-Case/Test_47616000_72_SEG_MAVEN/CubeElement/Blocks/83/124_192_432_185_255_503.blc written.
Page:	84	start:	[186, 0, 0]	end:	[247, 63, 71]
HAOLAP-Test-Case/Test_47616000_72_SEG_MAVEN/CubeElement/baseCube/84 written.
HAOLAP-Test-Case/Test_47616000_72_SEG_MAVEN/CubeElement/Blocks/84/186_0_0_247_63_71.blc written.
Page:	85	start:	[186, 0, 72]	end:	[247, 63, 143]
HAOLAP-Test-Case/Test_47616000_72_SEG_MAVEN/CubeElement/baseCube/85 written.
HAOLAP-Test-Case/Test_47616000_72_SEG_MAVEN/CubeElement/Blocks/85/186_0_72_247_63_143.blc written.
Page:	86	start:	[186, 0, 144]	end:	[247, 63, 215]
HAOLAP-Test-Case/Test_47616000_72_SEG_MAVEN/CubeElement/baseCube/86 written.
HAOLAP-Test-Case/Test_47616000_72_SEG_MAVEN/CubeElement/Blocks/86/186_0_144_247_63_215.blc written.
Page:	87	start:	[186, 0, 216]	end:	[247, 63, 287]
HAOLAP-Test-Case/Test_47616000_72_SEG_MAVEN/CubeElement/baseCube/87 written.
HAOLAP-Test-Case/Test_47616000_72_SEG_MAVEN/CubeElement/Blocks/87/186_0_216_247_63_287.blc written.
Page:	88	start:	[186, 0, 288]	end:	[247, 63, 359]
HAOLAP-Test-Case/Test_47616000_72_SEG_MAVEN/CubeElement/baseCube/88 written.
HAOLAP-Test-Case/Test_47616000_72_SEG_MAVEN/CubeElement/Blocks/88/186_0_288_247_63_359.blc written.
Page:	89	start:	[186, 0, 360]	end:	[247, 63, 431]
HAOLAP-Test-Case/Test_47616000_72_SEG_MAVEN/CubeElement/baseCube/89 written.
HAOLAP-Test-Case/Test_47616000_72_SEG_MAVEN/CubeElement/Blocks/89/186_0_360_247_63_431.blc written.
Page:	90	start:	[186, 0, 432]	end:	[247, 63, 503]
HAOLAP-Test-Case/Test_47616000_72_SEG_MAVEN/CubeElement/baseCube/90 written.
HAOLAP-Test-Case/Test_47616000_72_SEG_MAVEN/CubeElement/Blocks/90/186_0_432_247_63_503.blc written.
Page:	91	start:	[186, 64, 0]	end:	[247, 127, 71]
HAOLAP-Test-Case/Test_47616000_72_SEG_MAVEN/CubeElement/baseCube/91 written.
HAOLAP-Test-Case/Test_47616000_72_SEG_MAVEN/CubeElement/Blocks/91/186_64_0_247_127_71.blc written.
Page:	92	start:	[186, 64, 72]	end:	[247, 127, 143]
HAOLAP-Test-Case/Test_47616000_72_SEG_MAVEN/CubeElement/baseCube/92 written.
HAOLAP-Test-Case/Test_47616000_72_SEG_MAVEN/CubeElement/Blocks/92/186_64_72_247_127_143.blc written.
Page:	93	start:	[186, 64, 144]	end:	[247, 127, 215]
HAOLAP-Test-Case/Test_47616000_72_SEG_MAVEN/CubeElement/baseCube/93 written.
HAOLAP-Test-Case/Test_47616000_72_SEG_MAVEN/CubeElement/Blocks/93/186_64_144_247_127_215.blc written.
Page:	94	start:	[186, 64, 216]	end:	[247, 127, 287]
HAOLAP-Test-Case/Test_47616000_72_SEG_MAVEN/CubeElement/baseCube/94 written.
HAOLAP-Test-Case/Test_47616000_72_SEG_MAVEN/CubeElement/Blocks/94/186_64_216_247_127_287.blc written.
Page:	95	start:	[186, 64, 288]	end:	[247, 127, 359]
HAOLAP-Test-Case/Test_47616000_72_SEG_MAVEN/CubeElement/baseCube/95 written.
HAOLAP-Test-Case/Test_47616000_72_SEG_MAVEN/CubeElement/Blocks/95/186_64_288_247_127_359.blc written.
Page:	96	start:	[186, 64, 360]	end:	[247, 127, 431]
HAOLAP-Test-Case/Test_47616000_72_SEG_MAVEN/CubeElement/baseCube/96 written.
HAOLAP-Test-Case/Test_47616000_72_SEG_MAVEN/CubeElement/Blocks/96/186_64_360_247_127_431.blc written.
Page:	97	start:	[186, 64, 432]	end:	[247, 127, 503]
HAOLAP-Test-Case/Test_47616000_72_SEG_MAVEN/CubeElement/baseCube/97 written.
HAOLAP-Test-Case/Test_47616000_72_SEG_MAVEN/CubeElement/Blocks/97/186_64_432_247_127_503.blc written.
Page:	98	start:	[186, 128, 0]	end:	[247, 191, 71]
HAOLAP-Test-Case/Test_47616000_72_SEG_MAVEN/CubeElement/baseCube/98 written.
HAOLAP-Test-Case/Test_47616000_72_SEG_MAVEN/CubeElement/Blocks/98/186_128_0_247_191_71.blc written.
Page:	99	start:	[186, 128, 72]	end:	[247, 191, 143]
HAOLAP-Test-Case/Test_47616000_72_SEG_MAVEN/CubeElement/baseCube/99 written.
HAOLAP-Test-Case/Test_47616000_72_SEG_MAVEN/CubeElement/Blocks/99/186_128_72_247_191_143.blc written.
Page:	100	start:	[186, 128, 144]	end:	[247, 191, 215]
HAOLAP-Test-Case/Test_47616000_72_SEG_MAVEN/CubeElement/baseCube/100 written.
HAOLAP-Test-Case/Test_47616000_72_SEG_MAVEN/CubeElement/Blocks/100/186_128_144_247_191_215.blc written.
Page:	101	start:	[186, 128, 216]	end:	[247, 191, 287]
HAOLAP-Test-Case/Test_47616000_72_SEG_MAVEN/CubeElement/baseCube/101 written.
HAOLAP-Test-Case/Test_47616000_72_SEG_MAVEN/CubeElement/Blocks/101/186_128_216_247_191_287.blc written.
Page:	102	start:	[186, 128, 288]	end:	[247, 191, 359]
HAOLAP-Test-Case/Test_47616000_72_SEG_MAVEN/CubeElement/baseCube/102 written.
HAOLAP-Test-Case/Test_47616000_72_SEG_MAVEN/CubeElement/Blocks/102/186_128_288_247_191_359.blc written.
Page:	103	start:	[186, 128, 360]	end:	[247, 191, 431]
HAOLAP-Test-Case/Test_47616000_72_SEG_MAVEN/CubeElement/baseCube/103 written.
HAOLAP-Test-Case/Test_47616000_72_SEG_MAVEN/CubeElement/Blocks/103/186_128_360_247_191_431.blc written.
Page:	104	start:	[186, 128, 432]	end:	[247, 191, 503]
HAOLAP-Test-Case/Test_47616000_72_SEG_MAVEN/CubeElement/baseCube/104 written.
HAOLAP-Test-Case/Test_47616000_72_SEG_MAVEN/CubeElement/Blocks/104/186_128_432_247_191_503.blc written.
Page:	105	start:	[186, 192, 0]	end:	[247, 255, 71]
HAOLAP-Test-Case/Test_47616000_72_SEG_MAVEN/CubeElement/baseCube/105 written.
HAOLAP-Test-Case/Test_47616000_72_SEG_MAVEN/CubeElement/Blocks/105/186_192_0_247_255_71.blc written.
Page:	106	start:	[186, 192, 72]	end:	[247, 255, 143]
HAOLAP-Test-Case/Test_47616000_72_SEG_MAVEN/CubeElement/baseCube/106 written.
HAOLAP-Test-Case/Test_47616000_72_SEG_MAVEN/CubeElement/Blocks/106/186_192_72_247_255_143.blc written.
Page:	107	start:	[186, 192, 144]	end:	[247, 255, 215]
HAOLAP-Test-Case/Test_47616000_72_SEG_MAVEN/CubeElement/baseCube/107 written.
HAOLAP-Test-Case/Test_47616000_72_SEG_MAVEN/CubeElement/Blocks/107/186_192_144_247_255_215.blc written.
Page:	108	start:	[186, 192, 216]	end:	[247, 255, 287]
HAOLAP-Test-Case/Test_47616000_72_SEG_MAVEN/CubeElement/baseCube/108 written.
HAOLAP-Test-Case/Test_47616000_72_SEG_MAVEN/CubeElement/Blocks/108/186_192_216_247_255_287.blc written.
Page:	109	start:	[186, 192, 288]	end:	[247, 255, 359]
HAOLAP-Test-Case/Test_47616000_72_SEG_MAVEN/CubeElement/baseCube/109 written.
HAOLAP-Test-Case/Test_47616000_72_SEG_MAVEN/CubeElement/Blocks/109/186_192_288_247_255_359.blc written.
Page:	110	start:	[186, 192, 360]	end:	[247, 255, 431]
HAOLAP-Test-Case/Test_47616000_72_SEG_MAVEN/CubeElement/baseCube/110 written.
HAOLAP-Test-Case/Test_47616000_72_SEG_MAVEN/CubeElement/Blocks/110/186_192_360_247_255_431.blc written.
Page:	111	start:	[186, 192, 432]	end:	[247, 255, 503]
HAOLAP-Test-Case/Test_47616000_72_SEG_MAVEN/CubeElement/baseCube/111 written.
HAOLAP-Test-Case/Test_47616000_72_SEG_MAVEN/CubeElement/Blocks/111/186_192_432_247_255_503.blc written.
Page:	112	start:	[248, 0, 0]	end:	[309, 63, 71]
HAOLAP-Test-Case/Test_47616000_72_SEG_MAVEN/CubeElement/baseCube/112 written.
HAOLAP-Test-Case/Test_47616000_72_SEG_MAVEN/CubeElement/Blocks/112/248_0_0_309_63_71.blc written.
Page:	113	start:	[248, 0, 72]	end:	[309, 63, 143]
HAOLAP-Test-Case/Test_47616000_72_SEG_MAVEN/CubeElement/baseCube/113 written.
HAOLAP-Test-Case/Test_47616000_72_SEG_MAVEN/CubeElement/Blocks/113/248_0_72_309_63_143.blc written.
Page:	114	start:	[248, 0, 144]	end:	[309, 63, 215]
HAOLAP-Test-Case/Test_47616000_72_SEG_MAVEN/CubeElement/baseCube/114 written.
HAOLAP-Test-Case/Test_47616000_72_SEG_MAVEN/CubeElement/Blocks/114/248_0_144_309_63_215.blc written.
Page:	115	start:	[248, 0, 216]	end:	[309, 63, 287]
HAOLAP-Test-Case/Test_47616000_72_SEG_MAVEN/CubeElement/baseCube/115 written.
HAOLAP-Test-Case/Test_47616000_72_SEG_MAVEN/CubeElement/Blocks/115/248_0_216_309_63_287.blc written.
Page:	116	start:	[248, 0, 288]	end:	[309, 63, 359]
HAOLAP-Test-Case/Test_47616000_72_SEG_MAVEN/CubeElement/baseCube/116 written.
HAOLAP-Test-Case/Test_47616000_72_SEG_MAVEN/CubeElement/Blocks/116/248_0_288_309_63_359.blc written.
Page:	117	start:	[248, 0, 360]	end:	[309, 63, 431]
HAOLAP-Test-Case/Test_47616000_72_SEG_MAVEN/CubeElement/baseCube/117 written.
HAOLAP-Test-Case/Test_47616000_72_SEG_MAVEN/CubeElement/Blocks/117/248_0_360_309_63_431.blc written.
Page:	118	start:	[248, 0, 432]	end:	[309, 63, 503]
HAOLAP-Test-Case/Test_47616000_72_SEG_MAVEN/CubeElement/baseCube/118 written.
HAOLAP-Test-Case/Test_47616000_72_SEG_MAVEN/CubeElement/Blocks/118/248_0_432_309_63_503.blc written.
Page:	119	start:	[248, 64, 0]	end:	[309, 127, 71]
HAOLAP-Test-Case/Test_47616000_72_SEG_MAVEN/CubeElement/baseCube/119 written.
HAOLAP-Test-Case/Test_47616000_72_SEG_MAVEN/CubeElement/Blocks/119/248_64_0_309_127_71.blc written.
Page:	120	start:	[248, 64, 72]	end:	[309, 127, 143]
HAOLAP-Test-Case/Test_47616000_72_SEG_MAVEN/CubeElement/baseCube/120 written.
HAOLAP-Test-Case/Test_47616000_72_SEG_MAVEN/CubeElement/Blocks/120/248_64_72_309_127_143.blc written.
Page:	121	start:	[248, 64, 144]	end:	[309, 127, 215]
HAOLAP-Test-Case/Test_47616000_72_SEG_MAVEN/CubeElement/baseCube/121 written.
HAOLAP-Test-Case/Test_47616000_72_SEG_MAVEN/CubeElement/Blocks/121/248_64_144_309_127_215.blc written.
Page:	122	start:	[248, 64, 216]	end:	[309, 127, 287]
HAOLAP-Test-Case/Test_47616000_72_SEG_MAVEN/CubeElement/baseCube/122 written.
HAOLAP-Test-Case/Test_47616000_72_SEG_MAVEN/CubeElement/Blocks/122/248_64_216_309_127_287.blc written.
Page:	123	start:	[248, 64, 288]	end:	[309, 127, 359]
HAOLAP-Test-Case/Test_47616000_72_SEG_MAVEN/CubeElement/baseCube/123 written.
HAOLAP-Test-Case/Test_47616000_72_SEG_MAVEN/CubeElement/Blocks/123/248_64_288_309_127_359.blc written.
Page:	124	start:	[248, 64, 360]	end:	[309, 127, 431]
HAOLAP-Test-Case/Test_47616000_72_SEG_MAVEN/CubeElement/baseCube/124 written.
HAOLAP-Test-Case/Test_47616000_72_SEG_MAVEN/CubeElement/Blocks/124/248_64_360_309_127_431.blc written.
Page:	125	start:	[248, 64, 432]	end:	[309, 127, 503]
HAOLAP-Test-Case/Test_47616000_72_SEG_MAVEN/CubeElement/baseCube/125 written.
HAOLAP-Test-Case/Test_47616000_72_SEG_MAVEN/CubeElement/Blocks/125/248_64_432_309_127_503.blc written.
Page:	126	start:	[248, 128, 0]	end:	[309, 191, 71]
HAOLAP-Test-Case/Test_47616000_72_SEG_MAVEN/CubeElement/baseCube/126 written.
HAOLAP-Test-Case/Test_47616000_72_SEG_MAVEN/CubeElement/Blocks/126/248_128_0_309_191_71.blc written.
Page:	127	start:	[248, 128, 72]	end:	[309, 191, 143]
HAOLAP-Test-Case/Test_47616000_72_SEG_MAVEN/CubeElement/baseCube/127 written.
HAOLAP-Test-Case/Test_47616000_72_SEG_MAVEN/CubeElement/Blocks/127/248_128_72_309_191_143.blc written.
Page:	128	start:	[248, 128, 144]	end:	[309, 191, 215]
HAOLAP-Test-Case/Test_47616000_72_SEG_MAVEN/CubeElement/baseCube/128 written.
HAOLAP-Test-Case/Test_47616000_72_SEG_MAVEN/CubeElement/Blocks/128/248_128_144_309_191_215.blc written.
Page:	129	start:	[248, 128, 216]	end:	[309, 191, 287]
HAOLAP-Test-Case/Test_47616000_72_SEG_MAVEN/CubeElement/baseCube/129 written.
HAOLAP-Test-Case/Test_47616000_72_SEG_MAVEN/CubeElement/Blocks/129/248_128_216_309_191_287.blc written.
Page:	130	start:	[248, 128, 288]	end:	[309, 191, 359]
HAOLAP-Test-Case/Test_47616000_72_SEG_MAVEN/CubeElement/baseCube/130 written.
HAOLAP-Test-Case/Test_47616000_72_SEG_MAVEN/CubeElement/Blocks/130/248_128_288_309_191_359.blc written.
Page:	131	start:	[248, 128, 360]	end:	[309, 191, 431]
HAOLAP-Test-Case/Test_47616000_72_SEG_MAVEN/CubeElement/baseCube/131 written.
HAOLAP-Test-Case/Test_47616000_72_SEG_MAVEN/CubeElement/Blocks/131/248_128_360_309_191_431.blc written.
Page:	132	start:	[248, 128, 432]	end:	[309, 191, 503]
HAOLAP-Test-Case/Test_47616000_72_SEG_MAVEN/CubeElement/baseCube/132 written.
HAOLAP-Test-Case/Test_47616000_72_SEG_MAVEN/CubeElement/Blocks/132/248_128_432_309_191_503.blc written.
Page:	133	start:	[248, 192, 0]	end:	[309, 255, 71]
HAOLAP-Test-Case/Test_47616000_72_SEG_MAVEN/CubeElement/baseCube/133 written.
HAOLAP-Test-Case/Test_47616000_72_SEG_MAVEN/CubeElement/Blocks/133/248_192_0_309_255_71.blc written.
Page:	134	start:	[248, 192, 72]	end:	[309, 255, 143]
HAOLAP-Test-Case/Test_47616000_72_SEG_MAVEN/CubeElement/baseCube/134 written.
HAOLAP-Test-Case/Test_47616000_72_SEG_MAVEN/CubeElement/Blocks/134/248_192_72_309_255_143.blc written.
Page:	135	start:	[248, 192, 144]	end:	[309, 255, 215]
HAOLAP-Test-Case/Test_47616000_72_SEG_MAVEN/CubeElement/baseCube/135 written.
HAOLAP-Test-Case/Test_47616000_72_SEG_MAVEN/CubeElement/Blocks/135/248_192_144_309_255_215.blc written.
Page:	136	start:	[248, 192, 216]	end:	[309, 255, 287]
HAOLAP-Test-Case/Test_47616000_72_SEG_MAVEN/CubeElement/baseCube/136 written.
HAOLAP-Test-Case/Test_47616000_72_SEG_MAVEN/CubeElement/Blocks/136/248_192_216_309_255_287.blc written.
Page:	137	start:	[248, 192, 288]	end:	[309, 255, 359]
HAOLAP-Test-Case/Test_47616000_72_SEG_MAVEN/CubeElement/baseCube/137 written.
HAOLAP-Test-Case/Test_47616000_72_SEG_MAVEN/CubeElement/Blocks/137/248_192_288_309_255_359.blc written.
Page:	138	start:	[248, 192, 360]	end:	[309, 255, 431]
HAOLAP-Test-Case/Test_47616000_72_SEG_MAVEN/CubeElement/baseCube/138 written.
HAOLAP-Test-Case/Test_47616000_72_SEG_MAVEN/CubeElement/Blocks/138/248_192_360_309_255_431.blc written.
Page:	139	start:	[248, 192, 432]	end:	[309, 255, 503]
HAOLAP-Test-Case/Test_47616000_72_SEG_MAVEN/CubeElement/baseCube/139 written.
HAOLAP-Test-Case/Test_47616000_72_SEG_MAVEN/CubeElement/Blocks/139/248_192_432_309_255_503.blc written.
Page:	140	start:	[310, 0, 0]	end:	[371, 63, 71]
HAOLAP-Test-Case/Test_47616000_72_SEG_MAVEN/CubeElement/baseCube/140 written.
HAOLAP-Test-Case/Test_47616000_72_SEG_MAVEN/CubeElement/Blocks/140/310_0_0_371_63_71.blc written.
Page:	141	start:	[310, 0, 72]	end:	[371, 63, 143]
HAOLAP-Test-Case/Test_47616000_72_SEG_MAVEN/CubeElement/baseCube/141 written.
HAOLAP-Test-Case/Test_47616000_72_SEG_MAVEN/CubeElement/Blocks/141/310_0_72_371_63_143.blc written.
Page:	142	start:	[310, 0, 144]	end:	[371, 63, 215]
HAOLAP-Test-Case/Test_47616000_72_SEG_MAVEN/CubeElement/baseCube/142 written.
HAOLAP-Test-Case/Test_47616000_72_SEG_MAVEN/CubeElement/Blocks/142/310_0_144_371_63_215.blc written.
Page:	143	start:	[310, 0, 216]	end:	[371, 63, 287]
HAOLAP-Test-Case/Test_47616000_72_SEG_MAVEN/CubeElement/baseCube/143 written.
HAOLAP-Test-Case/Test_47616000_72_SEG_MAVEN/CubeElement/Blocks/143/310_0_216_371_63_287.blc written.
Page:	144	start:	[310, 0, 288]	end:	[371, 63, 359]
HAOLAP-Test-Case/Test_47616000_72_SEG_MAVEN/CubeElement/baseCube/144 written.
HAOLAP-Test-Case/Test_47616000_72_SEG_MAVEN/CubeElement/Blocks/144/310_0_288_371_63_359.blc written.
Page:	145	start:	[310, 0, 360]	end:	[371, 63, 431]
HAOLAP-Test-Case/Test_47616000_72_SEG_MAVEN/CubeElement/baseCube/145 written.
HAOLAP-Test-Case/Test_47616000_72_SEG_MAVEN/CubeElement/Blocks/145/310_0_360_371_63_431.blc written.
Page:	146	start:	[310, 0, 432]	end:	[371, 63, 503]
HAOLAP-Test-Case/Test_47616000_72_SEG_MAVEN/CubeElement/baseCube/146 written.
HAOLAP-Test-Case/Test_47616000_72_SEG_MAVEN/CubeElement/Blocks/146/310_0_432_371_63_503.blc written.
Page:	147	start:	[310, 64, 0]	end:	[371, 127, 71]
HAOLAP-Test-Case/Test_47616000_72_SEG_MAVEN/CubeElement/baseCube/147 written.
HAOLAP-Test-Case/Test_47616000_72_SEG_MAVEN/CubeElement/Blocks/147/310_64_0_371_127_71.blc written.
Page:	148	start:	[310, 64, 72]	end:	[371, 127, 143]
HAOLAP-Test-Case/Test_47616000_72_SEG_MAVEN/CubeElement/baseCube/148 written.
HAOLAP-Test-Case/Test_47616000_72_SEG_MAVEN/CubeElement/Blocks/148/310_64_72_371_127_143.blc written.
Page:	149	start:	[310, 64, 144]	end:	[371, 127, 215]
HAOLAP-Test-Case/Test_47616000_72_SEG_MAVEN/CubeElement/baseCube/149 written.
HAOLAP-Test-Case/Test_47616000_72_SEG_MAVEN/CubeElement/Blocks/149/310_64_144_371_127_215.blc written.
Page:	150	start:	[310, 64, 216]	end:	[371, 127, 287]
HAOLAP-Test-Case/Test_47616000_72_SEG_MAVEN/CubeElement/baseCube/150 written.
HAOLAP-Test-Case/Test_47616000_72_SEG_MAVEN/CubeElement/Blocks/150/310_64_216_371_127_287.blc written.
Page:	151	start:	[310, 64, 288]	end:	[371, 127, 359]
HAOLAP-Test-Case/Test_47616000_72_SEG_MAVEN/CubeElement/baseCube/151 written.
HAOLAP-Test-Case/Test_47616000_72_SEG_MAVEN/CubeElement/Blocks/151/310_64_288_371_127_359.blc written.
Page:	152	start:	[310, 64, 360]	end:	[371, 127, 431]
HAOLAP-Test-Case/Test_47616000_72_SEG_MAVEN/CubeElement/baseCube/152 written.
HAOLAP-Test-Case/Test_47616000_72_SEG_MAVEN/CubeElement/Blocks/152/310_64_360_371_127_431.blc written.
Page:	153	start:	[310, 64, 432]	end:	[371, 127, 503]
HAOLAP-Test-Case/Test_47616000_72_SEG_MAVEN/CubeElement/baseCube/153 written.
HAOLAP-Test-Case/Test_47616000_72_SEG_MAVEN/CubeElement/Blocks/153/310_64_432_371_127_503.blc written.
Page:	154	start:	[310, 128, 0]	end:	[371, 191, 71]
HAOLAP-Test-Case/Test_47616000_72_SEG_MAVEN/CubeElement/baseCube/154 written.
HAOLAP-Test-Case/Test_47616000_72_SEG_MAVEN/CubeElement/Blocks/154/310_128_0_371_191_71.blc written.
Page:	155	start:	[310, 128, 72]	end:	[371, 191, 143]
HAOLAP-Test-Case/Test_47616000_72_SEG_MAVEN/CubeElement/baseCube/155 written.
HAOLAP-Test-Case/Test_47616000_72_SEG_MAVEN/CubeElement/Blocks/155/310_128_72_371_191_143.blc written.
Page:	156	start:	[310, 128, 144]	end:	[371, 191, 215]
HAOLAP-Test-Case/Test_47616000_72_SEG_MAVEN/CubeElement/baseCube/156 written.
HAOLAP-Test-Case/Test_47616000_72_SEG_MAVEN/CubeElement/Blocks/156/310_128_144_371_191_215.blc written.
Page:	157	start:	[310, 128, 216]	end:	[371, 191, 287]
HAOLAP-Test-Case/Test_47616000_72_SEG_MAVEN/CubeElement/baseCube/157 written.
HAOLAP-Test-Case/Test_47616000_72_SEG_MAVEN/CubeElement/Blocks/157/310_128_216_371_191_287.blc written.
Page:	158	start:	[310, 128, 288]	end:	[371, 191, 359]
HAOLAP-Test-Case/Test_47616000_72_SEG_MAVEN/CubeElement/baseCube/158 written.
HAOLAP-Test-Case/Test_47616000_72_SEG_MAVEN/CubeElement/Blocks/158/310_128_288_371_191_359.blc written.
Page:	159	start:	[310, 128, 360]	end:	[371, 191, 431]
HAOLAP-Test-Case/Test_47616000_72_SEG_MAVEN/CubeElement/baseCube/159 written.
HAOLAP-Test-Case/Test_47616000_72_SEG_MAVEN/CubeElement/Blocks/159/310_128_360_371_191_431.blc written.
Page:	160	start:	[310, 128, 432]	end:	[371, 191, 503]
HAOLAP-Test-Case/Test_47616000_72_SEG_MAVEN/CubeElement/baseCube/160 written.
HAOLAP-Test-Case/Test_47616000_72_SEG_MAVEN/CubeElement/Blocks/160/310_128_432_371_191_503.blc written.
Page:	161	start:	[310, 192, 0]	end:	[371, 255, 71]
HAOLAP-Test-Case/Test_47616000_72_SEG_MAVEN/CubeElement/baseCube/161 written.
HAOLAP-Test-Case/Test_47616000_72_SEG_MAVEN/CubeElement/Blocks/161/310_192_0_371_255_71.blc written.
Page:	162	start:	[310, 192, 72]	end:	[371, 255, 143]
HAOLAP-Test-Case/Test_47616000_72_SEG_MAVEN/CubeElement/baseCube/162 written.
HAOLAP-Test-Case/Test_47616000_72_SEG_MAVEN/CubeElement/Blocks/162/310_192_72_371_255_143.blc written.
Page:	163	start:	[310, 192, 144]	end:	[371, 255, 215]
HAOLAP-Test-Case/Test_47616000_72_SEG_MAVEN/CubeElement/baseCube/163 written.
HAOLAP-Test-Case/Test_47616000_72_SEG_MAVEN/CubeElement/Blocks/163/310_192_144_371_255_215.blc written.
Page:	164	start:	[310, 192, 216]	end:	[371, 255, 287]
HAOLAP-Test-Case/Test_47616000_72_SEG_MAVEN/CubeElement/baseCube/164 written.
HAOLAP-Test-Case/Test_47616000_72_SEG_MAVEN/CubeElement/Blocks/164/310_192_216_371_255_287.blc written.
Page:	165	start:	[310, 192, 288]	end:	[371, 255, 359]
HAOLAP-Test-Case/Test_47616000_72_SEG_MAVEN/CubeElement/baseCube/165 written.
HAOLAP-Test-Case/Test_47616000_72_SEG_MAVEN/CubeElement/Blocks/165/310_192_288_371_255_359.blc written.
Page:	166	start:	[310, 192, 360]	end:	[371, 255, 431]
HAOLAP-Test-Case/Test_47616000_72_SEG_MAVEN/CubeElement/baseCube/166 written.
HAOLAP-Test-Case/Test_47616000_72_SEG_MAVEN/CubeElement/Blocks/166/310_192_360_371_255_431.blc written.
Page:	167	start:	[310, 192, 432]	end:	[371, 255, 503]
HAOLAP-Test-Case/Test_47616000_72_SEG_MAVEN/CubeElement/baseCube/167 written.
HAOLAP-Test-Case/Test_47616000_72_SEG_MAVEN/CubeElement/Blocks/167/310_192_432_371_255_503.blc written.
